{"meta": {"format": 3, "version": "7.11.0", "timestamp": "2025-12-19T09:55:58.544345", "branch_coverage": true, "show_contexts": false}, "files": {"triplegain/src/__init__.py": {"executed_lines": [1], "summary": {"covered_lines": 0, "num_statements": 0, "percent_covered": 100.0, "percent_covered_display": "100", "missing_lines": 0, "excluded_lines": 0, "num_branches": 0, "num_partial_branches": 0, "covered_branches": 0, "missing_branches": 0}, "missing_lines": [], "excluded_lines": [], "executed_branches": [], "missing_branches": [], "functions": {"": {"executed_lines": [1], "summary": {"covered_lines": 0, "num_statements": 0, "percent_covered": 100.0, "percent_covered_display": "100", "missing_lines": 0, "excluded_lines": 0, "num_branches": 0, "num_partial_branches": 0, "covered_branches": 0, "missing_branches": 0}, "missing_lines": [], "excluded_lines": [], "executed_branches": [], "missing_branches": []}}, "classes": {"": {"executed_lines": [1], "summary": {"covered_lines": 0, "num_statements": 0, "percent_covered": 100.0, "percent_covered_display": "100", "missing_lines": 0, "excluded_lines": 0, "num_branches": 0, "num_partial_branches": 0, "covered_branches": 0, "missing_branches": 0}, "missing_lines": [], "excluded_lines": [], "executed_branches": [], "missing_branches": []}}}, "triplegain/src/agents/__init__.py": {"executed_lines": [1, 11, 12, 13, 14, 16], "summary": {"covered_lines": 5, "num_statements": 5, "percent_covered": 100.0, "percent_covered_display": "100", "missing_lines": 0, "excluded_lines": 0, "num_branches": 0, "num_partial_branches": 0, "covered_branches": 0, "missing_branches": 0}, "missing_lines": [], "excluded_lines": [], "executed_branches": [], "missing_branches": [], "functions": {"": {"executed_lines": [1, 11, 12, 13, 14, 16], "summary": {"covered_lines": 5, "num_statements": 5, "percent_covered": 100.0, "percent_covered_display": "100", "missing_lines": 0, "excluded_lines": 0, "num_branches": 0, "num_partial_branches": 0, "covered_branches": 0, "missing_branches": 0}, "missing_lines": [], "excluded_lines": [], "executed_branches": [], "missing_branches": []}}, "classes": {"": {"executed_lines": [1, 11, 12, 13, 14, 16], "summary": {"covered_lines": 5, "num_statements": 5, "percent_covered": 100.0, "percent_covered_display": "100", "missing_lines": 0, "excluded_lines": 0, "num_branches": 0, "num_partial_branches": 0, "covered_branches": 0, "missing_branches": 0}, "missing_lines": [], "excluded_lines": [], "executed_branches": [], "missing_branches": []}}}, "triplegain/src/agents/base_agent.py": {"executed_lines": [1, 15, 16, 17, 18, 19, 20, 21, 22, 23, 24, 26, 30, 33, 34, 35, 44, 45, 46, 47, 48, 51, 52, 53, 56, 58, 60, 61, 62, 63, 64, 65, 67, 68, 70, 72, 74, 81, 84, 85, 88, 89, 91, 94, 95, 108, 109, 110, 112, 128, 129, 130, 131, 134, 135, 136, 139, 142, 143, 144, 146, 147, 166, 167, 176, 187, 189, 190, 191, 193, 194, 200, 212, 213, 214, 216, 234, 235, 236, 237, 238, 239, 240, 243, 246, 247, 248, 257, 258, 259, 260, 262, 263, 264, 265, 266, 268, 270, 277, 278, 280, 287, 288, 289, 291, 293, 296, 297, 298, 299, 300, 301, 303, 318, 320, 321, 327, 328, 331, 332, 333, 335, 337, 338, 339, 340, 342, 344, 359, 360, 367], "summary": {"covered_lines": 128, "num_statements": 132, "percent_covered": 95.56962025316456, "percent_covered_display": "96", "missing_lines": 4, "excluded_lines": 0, "num_branches": 26, "num_partial_branches": 3, "covered_branches": 23, "missing_branches": 3}, "missing_lines": [27, 28, 164, 174], "excluded_lines": [], "executed_branches": [[26, 30], [61, 62], [61, 68], [62, 63], [62, 64], [64, 65], [64, 67], [84, 85], [84, 88], [88, 89], [88, 91], [189, 190], [189, 193], [235, 236], [235, 246], [238, 239], [238, 243], [246, 247], [246, 268], [258, 259], [260, 262], [288, 289], [288, 291]], "missing_branches": [[26, 27], [258, 268], [260, 268]], "functions": {"AgentOutput.to_dict": {"executed_lines": [60, 61, 62, 63, 64, 65, 67, 68], "summary": {"covered_lines": 8, "num_statements": 8, "percent_covered": 100.0, "percent_covered_display": "100", "missing_lines": 0, "excluded_lines": 0, "num_branches": 6, "num_partial_branches": 0, "covered_branches": 6, "missing_branches": 0}, "missing_lines": [], "excluded_lines": [], "executed_branches": [[61, 62], [61, 68], [62, 63], [62, 64], [64, 65], [64, 67]], "missing_branches": []}, "AgentOutput.to_json": {"executed_lines": [72], "summary": {"covered_lines": 1, "num_statements": 1, "percent_covered": 100.0, "percent_covered_display": "100", "missing_lines": 0, "excluded_lines": 0, "num_branches": 0, "num_partial_branches": 0, "covered_branches": 0, "missing_branches": 0}, "missing_lines": [], "excluded_lines": [], "executed_branches": [], "missing_branches": []}, "AgentOutput.validate": {"executed_lines": [81, 84, 85, 88, 89, 91], "summary": {"covered_lines": 6, "num_statements": 6, "percent_covered": 100.0, "percent_covered_display": "100", "missing_lines": 0, "excluded_lines": 0, "num_branches": 4, "num_partial_branches": 0, "covered_branches": 4, "missing_branches": 0}, "missing_lines": [], "excluded_lines": [], "executed_branches": [[84, 85], [84, 88], [88, 89], [88, 91]], "missing_branches": []}, "BaseAgent.__init__": {"executed_lines": [128, 129, 130, 131, 134, 135, 136, 139, 142, 143, 144], "summary": {"covered_lines": 11, "num_statements": 11, "percent_covered": 100.0, "percent_covered_display": "100", "missing_lines": 0, "excluded_lines": 0, "num_branches": 0, "num_partial_branches": 0, "covered_branches": 0, "missing_branches": 0}, "missing_lines": [], "excluded_lines": [], "executed_branches": [], "missing_branches": []}, "BaseAgent.process": {"executed_lines": [], "summary": {"covered_lines": 0, "num_statements": 1, "percent_covered": 0.0, "percent_covered_display": "0", "missing_lines": 1, "excluded_lines": 0, "num_branches": 0, "num_partial_branches": 0, "covered_branches": 0, "missing_branches": 0}, "missing_lines": [164], "excluded_lines": [], "executed_branches": [], "missing_branches": []}, "BaseAgent.get_output_schema": {"executed_lines": [], "summary": {"covered_lines": 0, "num_statements": 1, "percent_covered": 0.0, "percent_covered_display": "0", "missing_lines": 1, "excluded_lines": 0, "num_branches": 0, "num_partial_branches": 0, "covered_branches": 0, "missing_branches": 0}, "missing_lines": [174], "excluded_lines": [], "executed_branches": [], "missing_branches": []}, "BaseAgent.store_output": {"executed_lines": [187, 189, 190, 191, 193, 194, 200, 212, 213, 214], "summary": {"covered_lines": 10, "num_statements": 10, "percent_covered": 100.0, "percent_covered_display": "100", "missing_lines": 0, "excluded_lines": 0, "num_branches": 2, "num_partial_branches": 0, "covered_branches": 2, "missing_branches": 0}, "missing_lines": [], "excluded_lines": [], "executed_branches": [[189, 190], [189, 193]], "missing_branches": []}, "BaseAgent.get_latest_output": {"executed_lines": [234, 235, 236, 237, 238, 239, 240, 243, 246, 247, 248, 257, 258, 259, 260, 262, 263, 264, 265, 266, 268], "summary": {"covered_lines": 21, "num_statements": 21, "percent_covered": 93.54838709677419, "percent_covered_display": "94", "missing_lines": 0, "excluded_lines": 0, "num_branches": 10, "num_partial_branches": 2, "covered_branches": 8, "missing_branches": 2}, "missing_lines": [], "excluded_lines": [], "executed_branches": [[235, 236], [235, 246], [238, 239], [238, 243], [246, 247], [246, 268], [258, 259], [260, 262]], "missing_branches": [[258, 268], [260, 268]]}, "BaseAgent.cache_output": {"executed_lines": [277, 278], "summary": {"covered_lines": 2, "num_statements": 2, "percent_covered": 100.0, "percent_covered_display": "100", "missing_lines": 0, "excluded_lines": 0, "num_branches": 0, "num_partial_branches": 0, "covered_branches": 0, "missing_branches": 0}, "missing_lines": [], "excluded_lines": [], "executed_branches": [], "missing_branches": []}, "BaseAgent.clear_cache": {"executed_lines": [287, 288, 289, 291], "summary": {"covered_lines": 4, "num_statements": 4, "percent_covered": 100.0, "percent_covered_display": "100", "missing_lines": 0, "excluded_lines": 0, "num_branches": 2, "num_partial_branches": 0, "covered_branches": 2, "missing_branches": 0}, "missing_lines": [], "excluded_lines": [], "executed_branches": [[288, 289], [288, 291]], "missing_branches": []}, "BaseAgent._parse_stored_output": {"executed_lines": [296, 297, 298, 299, 300, 301], "summary": {"covered_lines": 6, "num_statements": 6, "percent_covered": 100.0, "percent_covered_display": "100", "missing_lines": 0, "excluded_lines": 0, "num_branches": 0, "num_partial_branches": 0, "covered_branches": 0, "missing_branches": 0}, "missing_lines": [], "excluded_lines": [], "executed_branches": [], "missing_branches": []}, "BaseAgent._call_llm": {"executed_lines": [318, 320, 321, 327, 328, 331, 332, 333, 335, 337, 338, 339, 340], "summary": {"covered_lines": 13, "num_statements": 13, "percent_covered": 100.0, "percent_covered_display": "100", "missing_lines": 0, "excluded_lines": 0, "num_branches": 0, "num_partial_branches": 0, "covered_branches": 0, "missing_branches": 0}, "missing_lines": [], "excluded_lines": [], "executed_branches": [], "missing_branches": []}, "BaseAgent.get_stats": {"executed_lines": [344], "summary": {"covered_lines": 1, "num_statements": 1, "percent_covered": 100.0, "percent_covered_display": "100", "missing_lines": 0, "excluded_lines": 0, "num_branches": 0, "num_partial_branches": 0, "covered_branches": 0, "missing_branches": 0}, "missing_lines": [], "excluded_lines": [], "executed_branches": [], "missing_branches": []}, "BaseAgent.last_output": {"executed_lines": [367], "summary": {"covered_lines": 1, "num_statements": 1, "percent_covered": 100.0, "percent_covered_display": "100", "missing_lines": 0, "excluded_lines": 0, "num_branches": 0, "num_partial_branches": 0, "covered_branches": 0, "missing_branches": 0}, "missing_lines": [], "excluded_lines": [], "executed_branches": [], "missing_branches": []}, "": {"executed_lines": [1, 15, 16, 17, 18, 19, 20, 21, 22, 23, 24, 26, 30, 33, 34, 35, 44, 45, 46, 47, 48, 51, 52, 53, 56, 58, 70, 74, 94, 95, 108, 109, 110, 112, 146, 147, 166, 167, 176, 216, 270, 280, 293, 303, 342, 359, 360], "summary": {"covered_lines": 44, "num_statements": 46, "percent_covered": 93.75, "percent_covered_display": "94", "missing_lines": 2, "excluded_lines": 0, "num_branches": 2, "num_partial_branches": 1, "covered_branches": 1, "missing_branches": 1}, "missing_lines": [27, 28], "excluded_lines": [], "executed_branches": [[26, 30]], "missing_branches": [[26, 27]]}}, "classes": {"AgentOutput": {"executed_lines": [60, 61, 62, 63, 64, 65, 67, 68, 72, 81, 84, 85, 88, 89, 91], "summary": {"covered_lines": 15, "num_statements": 15, "percent_covered": 100.0, "percent_covered_display": "100", "missing_lines": 0, "excluded_lines": 0, "num_branches": 10, "num_partial_branches": 0, "covered_branches": 10, "missing_branches": 0}, "missing_lines": [], "excluded_lines": [], "executed_branches": [[61, 62], [61, 68], [62, 63], [62, 64], [64, 65], [64, 67], [84, 85], [84, 88], [88, 89], [88, 91]], "missing_branches": []}, "BaseAgent": {"executed_lines": [128, 129, 130, 131, 134, 135, 136, 139, 142, 143, 144, 187, 189, 190, 191, 193, 194, 200, 212, 213, 214, 234, 235, 236, 237, 238, 239, 240, 243, 246, 247, 248, 257, 258, 259, 260, 262, 263, 264, 265, 266, 268, 277, 278, 287, 288, 289, 291, 296, 297, 298, 299, 300, 301, 318, 320, 321, 327, 328, 331, 332, 333, 335, 337, 338, 339, 340, 344, 367], "summary": {"covered_lines": 69, "num_statements": 71, "percent_covered": 95.29411764705883, "percent_covered_display": "95", "missing_lines": 2, "excluded_lines": 0, "num_branches": 14, "num_partial_branches": 2, "covered_branches": 12, "missing_branches": 2}, "missing_lines": [164, 174], "excluded_lines": [], "executed_branches": [[189, 190], [189, 193], [235, 236], [235, 246], [238, 239], [238, 243], [246, 247], [246, 268], [258, 259], [260, 262], [288, 289], [288, 291]], "missing_branches": [[258, 268], [260, 268]]}, "": {"executed_lines": [1, 15, 16, 17, 18, 19, 20, 21, 22, 23, 24, 26, 30, 33, 34, 35, 44, 45, 46, 47, 48, 51, 52, 53, 56, 58, 70, 74, 94, 95, 108, 109, 110, 112, 146, 147, 166, 167, 176, 216, 270, 280, 293, 303, 342, 359, 360], "summary": {"covered_lines": 44, "num_statements": 46, "percent_covered": 93.75, "percent_covered_display": "94", "missing_lines": 2, "excluded_lines": 0, "num_branches": 2, "num_partial_branches": 1, "covered_branches": 1, "missing_branches": 1}, "missing_lines": [27, 28], "excluded_lines": [], "executed_branches": [[26, 30]], "missing_branches": [[26, 27]]}}}, "triplegain/src/agents/portfolio_rebalance.py": {"executed_lines": [1, 14, 15, 16, 17, 18, 19, 20, 22, 24, 28, 53, 54, 55, 56, 57, 58, 59, 60, 61, 62, 63, 64, 66, 68, 81, 82, 83, 84, 85, 86, 87, 88, 89, 90, 92, 94, 105, 106, 107, 108, 109, 110, 111, 112, 113, 114, 115, 117, 119, 120, 130, 133, 134, 144, 145, 146, 148, 166, 167, 170, 171, 172, 173, 176, 177, 185, 186, 187, 188, 191, 192, 193, 194, 195, 198, 199, 202, 203, 205, 223, 225, 227, 230, 231, 245, 246, 247, 250, 253, 256, 257, 258, 259, 260, 261, 264, 273, 276, 277, 279, 281, 304, 305, 306, 323, 331, 334, 337, 340, 341, 342, 345, 351, 357, 365, 366, 368, 369, 370, 372, 375, 376, 377, 378, 387, 393, 409, 414, 415, 417, 418, 421, 422, 423, 432, 433, 434, 443, 445, 463, 466, 468, 473, 474, 477, 478, 479, 483, 491, 492, 494, 496, 499, 502, 504, 505, 508, 509, 510, 512, 513, 524, 525, 531, 533, 539, 541, 560, 565, 568, 569, 570, 571, 572, 578, 580, 581, 582, 583, 590, 591, 592, 594, 596, 608, 609, 615, 618, 619, 624, 637, 638, 643, 645, 649, 664, 665, 671, 673], "summary": {"covered_lines": 195, "num_statements": 246, "percent_covered": 76.3157894736842, "percent_covered_display": "76", "missing_lines": 51, "excluded_lines": 0, "num_branches": 58, "num_partial_branches": 19, "covered_branches": 37, "missing_branches": 21}, "missing_lines": [178, 265, 267, 268, 269, 270, 308, 309, 310, 312, 346, 350, 352, 356, 358, 362, 381, 382, 383, 384, 464, 470, 480, 481, 485, 489, 573, 574, 576, 597, 598, 599, 604, 605, 620, 621, 622, 625, 626, 627, 631, 632, 633, 634, 646, 650, 651, 655, 656, 660, 661], "excluded_lines": [], "executed_branches": [[177, 185], [230, 231], [230, 250], [258, 259], [264, 273], [276, 277], [345, 351], [351, 357], [357, 365], [375, 376], [414, 415], [414, 417], [422, 423], [422, 432], [433, 434], [433, 443], [463, 466], [468, 473], [477, 478], [477, 483], [479, 477], [483, 491], [494, 496], [494, 524], [504, 494], [504, 505], [509, 510], [509, 512], [512, 513], [571, 572], [581, 582], [581, 592], [596, 608], [619, 624], [624, 637], [645, 649], [649, 664]], "missing_branches": [[177, 178], [258, 273], [264, 265], [276, 279], [345, 346], [351, 352], [357, 358], [375, 381], [463, 464], [468, 470], [479, 480], [483, 485], [512, 504], [571, 576], [596, 597], [619, 620], [621, 622], [621, 624], [624, 625], [645, 646], [649, 650]], "functions": {"PortfolioAllocation.to_dict": {"executed_lines": [68], "summary": {"covered_lines": 1, "num_statements": 1, "percent_covered": 100.0, "percent_covered_display": "100", "missing_lines": 0, "excluded_lines": 0, "num_branches": 0, "num_partial_branches": 0, "covered_branches": 0, "missing_branches": 0}, "missing_lines": [], "excluded_lines": [], "executed_branches": [], "missing_branches": []}, "RebalanceTrade.to_dict": {"executed_lines": [94], "summary": {"covered_lines": 1, "num_statements": 1, "percent_covered": 100.0, "percent_covered_display": "100", "missing_lines": 0, "excluded_lines": 0, "num_branches": 0, "num_partial_branches": 0, "covered_branches": 0, "missing_branches": 0}, "missing_lines": [], "excluded_lines": [], "executed_branches": [], "missing_branches": []}, "RebalanceOutput.to_dict": {"executed_lines": [119, 120, 130], "summary": {"covered_lines": 3, "num_statements": 3, "percent_covered": 100.0, "percent_covered_display": "100", "missing_lines": 0, "excluded_lines": 0, "num_branches": 0, "num_partial_branches": 0, "covered_branches": 0, "missing_branches": 0}, "missing_lines": [], "excluded_lines": [], "executed_branches": [], "missing_branches": []}, "PortfolioRebalanceAgent.__init__": {"executed_lines": [166, 167, 170, 171, 172, 173, 176, 177, 185, 186, 187, 188, 191, 192, 193, 194, 195, 198, 199, 202, 203], "summary": {"covered_lines": 21, "num_statements": 22, "percent_covered": 91.66666666666667, "percent_covered_display": "92", "missing_lines": 1, "excluded_lines": 0, "num_branches": 2, "num_partial_branches": 1, "covered_branches": 1, "missing_branches": 1}, "missing_lines": [178], "excluded_lines": [], "executed_branches": [[177, 185]], "missing_branches": [[177, 178]]}, "PortfolioRebalanceAgent.process": {"executed_lines": [223, 225, 227, 230, 231, 245, 246, 247, 250, 253, 256, 257, 258, 259, 260, 261, 264, 273, 276, 277, 279, 281, 304, 305, 306], "summary": {"covered_lines": 25, "num_statements": 34, "percent_covered": 71.42857142857143, "percent_covered_display": "71", "missing_lines": 9, "excluded_lines": 0, "num_branches": 8, "num_partial_branches": 3, "covered_branches": 5, "missing_branches": 3}, "missing_lines": [265, 267, 268, 269, 270, 308, 309, 310, 312], "excluded_lines": [], "executed_branches": [[230, 231], [230, 250], [258, 259], [264, 273], [276, 277]], "missing_branches": [[258, 273], [264, 265], [276, 279]]}, "PortfolioRebalanceAgent.check_allocation": {"executed_lines": [331, 334, 337, 340, 341, 342, 345, 351, 357, 365, 366, 368, 369, 370, 372, 375, 376, 377, 378, 387, 393], "summary": {"covered_lines": 21, "num_statements": 31, "percent_covered": 64.1025641025641, "percent_covered_display": "64", "missing_lines": 10, "excluded_lines": 0, "num_branches": 8, "num_partial_branches": 4, "covered_branches": 4, "missing_branches": 4}, "missing_lines": [346, 350, 352, 356, 358, 362, 381, 382, 383, 384], "excluded_lines": [], "executed_branches": [[345, 351], [351, 357], [357, 365], [375, 376]], "missing_branches": [[345, 346], [351, 352], [357, 358], [375, 381]]}, "PortfolioRebalanceAgent._calculate_rebalance_trades": {"executed_lines": [414, 415, 417, 418, 421, 422, 423, 432, 433, 434, 443], "summary": {"covered_lines": 11, "num_statements": 11, "percent_covered": 100.0, "percent_covered_display": "100", "missing_lines": 0, "excluded_lines": 0, "num_branches": 6, "num_partial_branches": 0, "covered_branches": 6, "missing_branches": 0}, "missing_lines": [], "excluded_lines": [], "executed_branches": [[414, 415], [414, 417], [422, 423], [422, 432], [433, 434], [433, 443]], "missing_branches": []}, "PortfolioRebalanceAgent._create_dca_batches": {"executed_lines": [463, 466, 468, 473, 474, 477, 478, 479, 483, 491, 492, 494, 496, 499, 502, 504, 505, 508, 509, 510, 512, 513, 524, 525, 531], "summary": {"covered_lines": 25, "num_statements": 31, "percent_covered": 77.55102040816327, "percent_covered_display": "78", "missing_lines": 6, "excluded_lines": 0, "num_branches": 18, "num_partial_branches": 5, "covered_branches": 13, "missing_branches": 5}, "missing_lines": [464, 470, 480, 481, 485, 489], "excluded_lines": [], "executed_branches": [[463, 466], [468, 473], [477, 478], [477, 483], [479, 477], [483, 491], [494, 496], [494, 524], [504, 494], [504, 505], [509, 510], [509, 512], [512, 513]], "missing_branches": [[463, 464], [468, 470], [479, 480], [483, 485], [512, 504]]}, "PortfolioRebalanceAgent._get_execution_strategy": {"executed_lines": [539, 541, 560, 565, 568, 569, 570, 571, 572], "summary": {"covered_lines": 9, "num_statements": 12, "percent_covered": 71.42857142857143, "percent_covered_display": "71", "missing_lines": 3, "excluded_lines": 0, "num_branches": 2, "num_partial_branches": 1, "covered_branches": 1, "missing_branches": 1}, "missing_lines": [573, 574, 576], "excluded_lines": [], "executed_branches": [[571, 572]], "missing_branches": [[571, 576]]}, "PortfolioRebalanceAgent._parse_llm_trades": {"executed_lines": [580, 581, 582, 583, 590, 591, 592], "summary": {"covered_lines": 7, "num_statements": 7, "percent_covered": 100.0, "percent_covered_display": "100", "missing_lines": 0, "excluded_lines": 0, "num_branches": 2, "num_partial_branches": 0, "covered_branches": 2, "missing_branches": 0}, "missing_lines": [], "excluded_lines": [], "executed_branches": [[581, 582], [581, 592]], "missing_branches": []}, "PortfolioRebalanceAgent._get_balances": {"executed_lines": [596, 608, 609], "summary": {"covered_lines": 3, "num_statements": 8, "percent_covered": 40.0, "percent_covered_display": "40", "missing_lines": 5, "excluded_lines": 0, "num_branches": 2, "num_partial_branches": 1, "covered_branches": 1, "missing_branches": 1}, "missing_lines": [597, 598, 599, 604, 605], "excluded_lines": [], "executed_branches": [[596, 608]], "missing_branches": [[596, 597]]}, "PortfolioRebalanceAgent._get_current_prices": {"executed_lines": [618, 619, 624, 637, 638], "summary": {"covered_lines": 5, "num_statements": 15, "percent_covered": 33.333333333333336, "percent_covered_display": "33", "missing_lines": 10, "excluded_lines": 0, "num_branches": 6, "num_partial_branches": 2, "covered_branches": 2, "missing_branches": 4}, "missing_lines": [620, 621, 622, 625, 626, 627, 631, 632, 633, 634], "excluded_lines": [], "executed_branches": [[619, 624], [624, 637]], "missing_branches": [[619, 620], [621, 622], [621, 624], [624, 625]]}, "PortfolioRebalanceAgent._get_hodl_bags": {"executed_lines": [645, 649, 664, 665], "summary": {"covered_lines": 4, "num_statements": 11, "percent_covered": 40.0, "percent_covered_display": "40", "missing_lines": 7, "excluded_lines": 0, "num_branches": 4, "num_partial_branches": 2, "covered_branches": 2, "missing_branches": 2}, "missing_lines": [646, 650, 651, 655, 656, 660, 661], "excluded_lines": [], "executed_branches": [[645, 649], [649, 664]], "missing_branches": [[645, 646], [649, 650]]}, "PortfolioRebalanceAgent.get_output_schema": {"executed_lines": [673], "summary": {"covered_lines": 1, "num_statements": 1, "percent_covered": 100.0, "percent_covered_display": "100", "missing_lines": 0, "excluded_lines": 0, "num_branches": 0, "num_partial_branches": 0, "covered_branches": 0, "missing_branches": 0}, "missing_lines": [], "excluded_lines": [], "executed_branches": [], "missing_branches": []}, "": {"executed_lines": [1, 14, 15, 16, 17, 18, 19, 20, 22, 24, 28, 53, 54, 55, 56, 57, 58, 59, 60, 61, 62, 63, 64, 66, 81, 82, 83, 84, 85, 86, 87, 88, 89, 90, 92, 105, 106, 107, 108, 109, 110, 111, 112, 113, 114, 115, 117, 133, 134, 144, 145, 146, 148, 205, 323, 409, 445, 533, 578, 594, 615, 643, 671], "summary": {"covered_lines": 58, "num_statements": 58, "percent_covered": 100.0, "percent_covered_display": "100", "missing_lines": 0, "excluded_lines": 0, "num_branches": 0, "num_partial_branches": 0, "covered_branches": 0, "missing_branches": 0}, "missing_lines": [], "excluded_lines": [], "executed_branches": [], "missing_branches": []}}, "classes": {"PortfolioAllocation": {"executed_lines": [68], "summary": {"covered_lines": 1, "num_statements": 1, "percent_covered": 100.0, "percent_covered_display": "100", "missing_lines": 0, "excluded_lines": 0, "num_branches": 0, "num_partial_branches": 0, "covered_branches": 0, "missing_branches": 0}, "missing_lines": [], "excluded_lines": [], "executed_branches": [], "missing_branches": []}, "RebalanceTrade": {"executed_lines": [94], "summary": {"covered_lines": 1, "num_statements": 1, "percent_covered": 100.0, "percent_covered_display": "100", "missing_lines": 0, "excluded_lines": 0, "num_branches": 0, "num_partial_branches": 0, "covered_branches": 0, "missing_branches": 0}, "missing_lines": [], "excluded_lines": [], "executed_branches": [], "missing_branches": []}, "RebalanceOutput": {"executed_lines": [119, 120, 130], "summary": {"covered_lines": 3, "num_statements": 3, "percent_covered": 100.0, "percent_covered_display": "100", "missing_lines": 0, "excluded_lines": 0, "num_branches": 0, "num_partial_branches": 0, "covered_branches": 0, "missing_branches": 0}, "missing_lines": [], "excluded_lines": [], "executed_branches": [], "missing_branches": []}, "PortfolioRebalanceAgent": {"executed_lines": [166, 167, 170, 171, 172, 173, 176, 177, 185, 186, 187, 188, 191, 192, 193, 194, 195, 198, 199, 202, 203, 223, 225, 227, 230, 231, 245, 246, 247, 250, 253, 256, 257, 258, 259, 260, 261, 264, 273, 276, 277, 279, 281, 304, 305, 306, 331, 334, 337, 340, 341, 342, 345, 351, 357, 365, 366, 368, 369, 370, 372, 375, 376, 377, 378, 387, 393, 414, 415, 417, 418, 421, 422, 423, 432, 433, 434, 443, 463, 466, 468, 473, 474, 477, 478, 479, 483, 491, 492, 494, 496, 499, 502, 504, 505, 508, 509, 510, 512, 513, 524, 525, 531, 539, 541, 560, 565, 568, 569, 570, 571, 572, 580, 581, 582, 583, 590, 591, 592, 596, 608, 609, 618, 619, 624, 637, 638, 645, 649, 664, 665, 673], "summary": {"covered_lines": 132, "num_statements": 183, "percent_covered": 70.12448132780084, "percent_covered_display": "70", "missing_lines": 51, "excluded_lines": 0, "num_branches": 58, "num_partial_branches": 19, "covered_branches": 37, "missing_branches": 21}, "missing_lines": [178, 265, 267, 268, 269, 270, 308, 309, 310, 312, 346, 350, 352, 356, 358, 362, 381, 382, 383, 384, 464, 470, 480, 481, 485, 489, 573, 574, 576, 597, 598, 599, 604, 605, 620, 621, 622, 625, 626, 627, 631, 632, 633, 634, 646, 650, 651, 655, 656, 660, 661], "excluded_lines": [], "executed_branches": [[177, 185], [230, 231], [230, 250], [258, 259], [264, 273], [276, 277], [345, 351], [351, 357], [357, 365], [375, 376], [414, 415], [414, 417], [422, 423], [422, 432], [433, 434], [433, 443], [463, 466], [468, 473], [477, 478], [477, 483], [479, 477], [483, 491], [494, 496], [494, 524], [504, 494], [504, 505], [509, 510], [509, 512], [512, 513], [571, 572], [581, 582], [581, 592], [596, 608], [619, 624], [624, 637], [645, 649], [649, 664]], "missing_branches": [[177, 178], [258, 273], [264, 265], [276, 279], [345, 346], [351, 352], [357, 358], [375, 381], [463, 464], [468, 470], [479, 480], [483, 485], [512, 504], [571, 576], [596, 597], [619, 620], [621, 622], [621, 624], [624, 625], [645, 646], [649, 650]]}, "": {"executed_lines": [1, 14, 15, 16, 17, 18, 19, 20, 22, 24, 28, 53, 54, 55, 56, 57, 58, 59, 60, 61, 62, 63, 64, 66, 81, 82, 83, 84, 85, 86, 87, 88, 89, 90, 92, 105, 106, 107, 108, 109, 110, 111, 112, 113, 114, 115, 117, 133, 134, 144, 145, 146, 148, 205, 323, 409, 445, 533, 578, 594, 615, 643, 671], "summary": {"covered_lines": 58, "num_statements": 58, "percent_covered": 100.0, "percent_covered_display": "100", "missing_lines": 0, "excluded_lines": 0, "num_branches": 0, "num_partial_branches": 0, "covered_branches": 0, "missing_branches": 0}, "missing_lines": [], "excluded_lines": [], "executed_branches": [], "missing_branches": []}}}, "triplegain/src/agents/regime_detection.py": {"executed_lines": [1, 9, 10, 11, 12, 13, 14, 16, 18, 23, 27, 38, 92, 138, 139, 140, 142, 145, 146, 147, 148, 149, 152, 153, 156, 159, 160, 161, 162, 164, 166, 169, 170, 171, 174, 175, 176, 179, 180, 181, 184, 185, 186, 188, 189, 190, 192, 194, 196, 199, 200, 206, 207, 208, 210, 226, 229, 230, 231, 234, 235, 236, 238, 256, 259, 260, 270, 279, 280, 281, 283, 284, 285, 289, 290, 291, 292, 293, 294, 297, 298, 304, 305, 306, 307, 308, 313, 314, 317, 354, 355, 356, 359, 362, 364, 369, 371, 373, 375, 377, 379, 381, 418, 421, 422, 423, 424, 425, 430, 431, 433, 434, 437, 439, 442, 443, 444, 445, 448, 451, 452, 454, 457, 458, 459, 460, 463, 466, 467, 468, 469, 472, 475, 478, 479, 481, 484, 485, 486, 489, 490, 491, 492, 495, 496, 497, 498, 500, 502, 504, 506, 507, 508, 509, 512, 513, 514, 516, 517, 518, 520, 524, 525, 526, 527, 528, 529, 530, 531, 532, 533, 535, 537, 551, 553], "summary": {"covered_lines": 172, "num_statements": 183, "percent_covered": 93.67088607594937, "percent_covered_display": "94", "missing_lines": 11, "excluded_lines": 0, "num_branches": 54, "num_partial_branches": 4, "covered_branches": 50, "missing_branches": 4}, "missing_lines": [19, 20, 21, 261, 299, 300, 301, 310, 426, 427, 432], "excluded_lines": [], "executed_branches": [[18, 23], [169, 170], [169, 174], [174, 175], [174, 179], [179, 180], [179, 184], [184, 185], [184, 188], [188, 189], [188, 192], [260, 270], [283, 284], [291, 292], [291, 294], [305, 306], [355, 356], [355, 359], [422, 423], [422, 430], [443, 444], [443, 445], [451, 452], [451, 454], [458, 459], [458, 460], [467, 468], [467, 469], [478, 479], [478, 481], [490, 491], [490, 492], [495, 496], [495, 497], [497, 498], [497, 500], [512, 513], [512, 517], [513, 514], [513, 516], [517, 518], [517, 520], [526, 527], [526, 537], [528, 529], [528, 530], [530, 531], [530, 532], [532, 533], [532, 535]], "missing_branches": [[18, 19], [260, 261], [283, 297], [305, 310]], "functions": {"RegimeOutput.validate": {"executed_lines": [166, 169, 170, 171, 174, 175, 176, 179, 180, 181, 184, 185, 186, 188, 189, 190, 192], "summary": {"covered_lines": 17, "num_statements": 17, "percent_covered": 100.0, "percent_covered_display": "100", "missing_lines": 0, "excluded_lines": 0, "num_branches": 10, "num_partial_branches": 0, "covered_branches": 10, "missing_branches": 0}, "missing_lines": [], "excluded_lines": [], "executed_branches": [[169, 170], [169, 174], [174, 175], [174, 179], [179, 180], [179, 184], [184, 185], [184, 188], [188, 189], [188, 192]], "missing_branches": []}, "RegimeOutput.get_regime_parameters": {"executed_lines": [196], "summary": {"covered_lines": 1, "num_statements": 1, "percent_covered": 100.0, "percent_covered_display": "100", "missing_lines": 0, "excluded_lines": 0, "num_branches": 0, "num_partial_branches": 0, "covered_branches": 0, "missing_branches": 0}, "missing_lines": [], "excluded_lines": [], "executed_branches": [], "missing_branches": []}, "RegimeDetectionAgent.__init__": {"executed_lines": [226, 229, 230, 231, 234, 235, 236], "summary": {"covered_lines": 7, "num_statements": 7, "percent_covered": 100.0, "percent_covered_display": "100", "missing_lines": 0, "excluded_lines": 0, "num_branches": 0, "num_partial_branches": 0, "covered_branches": 0, "missing_branches": 0}, "missing_lines": [], "excluded_lines": [], "executed_branches": [], "missing_branches": []}, "RegimeDetectionAgent.process": {"executed_lines": [256, 259, 260, 270, 279, 280, 281, 283, 284, 285, 289, 290, 291, 292, 293, 294, 297, 298, 304, 305, 306, 307, 308, 313, 314, 317, 354, 355, 356, 359, 362, 364, 369], "summary": {"covered_lines": 33, "num_statements": 38, "percent_covered": 83.33333333333333, "percent_covered_display": "83", "missing_lines": 5, "excluded_lines": 0, "num_branches": 10, "num_partial_branches": 3, "covered_branches": 7, "missing_branches": 3}, "missing_lines": [261, 299, 300, 301, 310], "excluded_lines": [], "executed_branches": [[260, 270], [283, 284], [291, 292], [291, 294], [305, 306], [355, 356], [355, 359]], "missing_branches": [[260, 261], [283, 297], [305, 310]]}, "RegimeDetectionAgent.get_output_schema": {"executed_lines": [373], "summary": {"covered_lines": 1, "num_statements": 1, "percent_covered": 100.0, "percent_covered_display": "100", "missing_lines": 0, "excluded_lines": 0, "num_branches": 0, "num_partial_branches": 0, "covered_branches": 0, "missing_branches": 0}, "missing_lines": [], "excluded_lines": [], "executed_branches": [], "missing_branches": []}, "RegimeDetectionAgent.get_regime_parameters": {"executed_lines": [377], "summary": {"covered_lines": 1, "num_statements": 1, "percent_covered": 100.0, "percent_covered_display": "100", "missing_lines": 0, "excluded_lines": 0, "num_branches": 0, "num_partial_branches": 0, "covered_branches": 0, "missing_branches": 0}, "missing_lines": [], "excluded_lines": [], "executed_branches": [], "missing_branches": []}, "RegimeDetectionAgent._get_regime_query": {"executed_lines": [381], "summary": {"covered_lines": 1, "num_statements": 1, "percent_covered": 100.0, "percent_covered_display": "100", "missing_lines": 0, "excluded_lines": 0, "num_branches": 0, "num_partial_branches": 0, "covered_branches": 0, "missing_branches": 0}, "missing_lines": [], "excluded_lines": [], "executed_branches": [], "missing_branches": []}, "RegimeDetectionAgent._parse_response": {"executed_lines": [421, 422, 423, 424, 425, 430, 431, 433, 434, 437], "summary": {"covered_lines": 10, "num_statements": 13, "percent_covered": 80.0, "percent_covered_display": "80", "missing_lines": 3, "excluded_lines": 0, "num_branches": 2, "num_partial_branches": 0, "covered_branches": 2, "missing_branches": 0}, "missing_lines": [426, 427, 432], "excluded_lines": [], "executed_branches": [[422, 423], [422, 430]], "missing_branches": []}, "RegimeDetectionAgent._normalize_parsed_output": {"executed_lines": [442, 443, 444, 445, 448, 451, 452, 454, 457, 458, 459, 460, 463, 466, 467, 468, 469, 472, 475, 478, 479, 481, 484, 485, 486, 489, 490, 491, 492, 495, 496, 497, 498, 500], "summary": {"covered_lines": 34, "num_statements": 34, "percent_covered": 100.0, "percent_covered_display": "100", "missing_lines": 0, "excluded_lines": 0, "num_branches": 16, "num_partial_branches": 0, "covered_branches": 16, "missing_branches": 0}, "missing_lines": [], "excluded_lines": [], "executed_branches": [[443, 444], [443, 445], [451, 452], [451, 454], [458, 459], [458, 460], [467, 468], [467, 469], [478, 479], [478, 481], [490, 491], [490, 492], [495, 496], [495, 497], [497, 498], [497, 500]], "missing_branches": []}, "RegimeDetectionAgent._create_output_from_indicators": {"executed_lines": [504, 506, 507, 508, 509, 512, 513, 514, 516, 517, 518, 520, 524, 525, 526, 527, 528, 529, 530, 531, 532, 533, 535, 537], "summary": {"covered_lines": 24, "num_statements": 24, "percent_covered": 100.0, "percent_covered_display": "100", "missing_lines": 0, "excluded_lines": 0, "num_branches": 14, "num_partial_branches": 0, "covered_branches": 14, "missing_branches": 0}, "missing_lines": [], "excluded_lines": [], "executed_branches": [[512, 513], [512, 517], [513, 514], [513, 516], [517, 518], [517, 520], [526, 527], [526, 537], [528, 529], [528, 530], [530, 531], [530, 532], [532, 533], [532, 535]], "missing_branches": []}, "RegimeDetectionAgent._create_fallback_output": {"executed_lines": [553], "summary": {"covered_lines": 1, "num_statements": 1, "percent_covered": 100.0, "percent_covered_display": "100", "missing_lines": 0, "excluded_lines": 0, "num_branches": 0, "num_partial_branches": 0, "covered_branches": 0, "missing_branches": 0}, "missing_lines": [], "excluded_lines": [], "executed_branches": [], "missing_branches": []}, "": {"executed_lines": [1, 9, 10, 11, 12, 13, 14, 16, 18, 23, 27, 38, 92, 138, 139, 140, 142, 145, 146, 147, 148, 149, 152, 153, 156, 159, 160, 161, 162, 164, 194, 199, 200, 206, 207, 208, 210, 238, 371, 375, 379, 418, 439, 502, 551], "summary": {"covered_lines": 42, "num_statements": 45, "percent_covered": 91.48936170212765, "percent_covered_display": "91", "missing_lines": 3, "excluded_lines": 0, "num_branches": 2, "num_partial_branches": 1, "covered_branches": 1, "missing_branches": 1}, "missing_lines": [19, 20, 21], "excluded_lines": [], "executed_branches": [[18, 23]], "missing_branches": [[18, 19]]}}, "classes": {"RegimeOutput": {"executed_lines": [166, 169, 170, 171, 174, 175, 176, 179, 180, 181, 184, 185, 186, 188, 189, 190, 192, 196], "summary": {"covered_lines": 18, "num_statements": 18, "percent_covered": 100.0, "percent_covered_display": "100", "missing_lines": 0, "excluded_lines": 0, "num_branches": 10, "num_partial_branches": 0, "covered_branches": 10, "missing_branches": 0}, "missing_lines": [], "excluded_lines": [], "executed_branches": [[169, 170], [169, 174], [174, 175], [174, 179], [179, 180], [179, 184], [184, 185], [184, 188], [188, 189], [188, 192]], "missing_branches": []}, "RegimeDetectionAgent": {"executed_lines": [226, 229, 230, 231, 234, 235, 236, 256, 259, 260, 270, 279, 280, 281, 283, 284, 285, 289, 290, 291, 292, 293, 294, 297, 298, 304, 305, 306, 307, 308, 313, 314, 317, 354, 355, 356, 359, 362, 364, 369, 373, 377, 381, 421, 422, 423, 424, 425, 430, 431, 433, 434, 437, 442, 443, 444, 445, 448, 451, 452, 454, 457, 458, 459, 460, 463, 466, 467, 468, 469, 472, 475, 478, 479, 481, 484, 485, 486, 489, 490, 491, 492, 495, 496, 497, 498, 500, 504, 506, 507, 508, 509, 512, 513, 514, 516, 517, 518, 520, 524, 525, 526, 527, 528, 529, 530, 531, 532, 533, 535, 537, 553], "summary": {"covered_lines": 112, "num_statements": 120, "percent_covered": 93.20987654320987, "percent_covered_display": "93", "missing_lines": 8, "excluded_lines": 0, "num_branches": 42, "num_partial_branches": 3, "covered_branches": 39, "missing_branches": 3}, "missing_lines": [261, 299, 300, 301, 310, 426, 427, 432], "excluded_lines": [], "executed_branches": [[260, 270], [283, 284], [291, 292], [291, 294], [305, 306], [355, 356], [355, 359], [422, 423], [422, 430], [443, 444], [443, 445], [451, 452], [451, 454], [458, 459], [458, 460], [467, 468], [467, 469], [478, 479], [478, 481], [490, 491], [490, 492], [495, 496], [495, 497], [497, 498], [497, 500], [512, 513], [512, 517], [513, 514], [513, 516], [517, 518], [517, 520], [526, 527], [526, 537], [528, 529], [528, 530], [530, 531], [530, 532], [532, 533], [532, 535]], "missing_branches": [[260, 261], [283, 297], [305, 310]]}, "": {"executed_lines": [1, 9, 10, 11, 12, 13, 14, 16, 18, 23, 27, 38, 92, 138, 139, 140, 142, 145, 146, 147, 148, 149, 152, 153, 156, 159, 160, 161, 162, 164, 194, 199, 200, 206, 207, 208, 210, 238, 371, 375, 379, 418, 439, 502, 551], "summary": {"covered_lines": 42, "num_statements": 45, "percent_covered": 91.48936170212765, "percent_covered_display": "91", "missing_lines": 3, "excluded_lines": 0, "num_branches": 2, "num_partial_branches": 1, "covered_branches": 1, "missing_branches": 1}, "missing_lines": [19, 20, 21], "excluded_lines": [], "executed_branches": [[18, 23]], "missing_branches": [[18, 19]]}}}, "triplegain/src/agents/technical_analysis.py": {"executed_lines": [1, 9, 10, 11, 12, 13, 14, 16, 18, 22, 26, 92, 93, 94, 96, 97, 98, 101, 102, 103, 106, 107, 108, 111, 112, 113, 116, 118, 120, 123, 124, 125, 128, 129, 130, 133, 134, 135, 138, 139, 140, 142, 145, 146, 153, 154, 155, 157, 173, 176, 177, 178, 180, 196, 199, 207, 208, 209, 211, 212, 213, 217, 218, 219, 220, 221, 222, 225, 226, 232, 257, 258, 259, 262, 265, 267, 272, 274, 276, 278, 280, 310, 322, 323, 324, 325, 326, 331, 332, 334, 335, 338, 340, 343, 344, 347, 348, 349, 350, 353, 354, 357, 358, 361, 362, 365, 366, 367, 368, 371, 372, 373, 374, 375, 378, 379, 381, 384, 385, 388, 389, 392, 393, 395, 397, 399, 402, 403, 404, 407, 408, 409, 410, 411, 412, 414, 415, 416, 417, 418, 419, 421, 447, 449], "summary": {"covered_lines": 141, "num_statements": 150, "percent_covered": 93.36734693877551, "percent_covered_display": "93", "missing_lines": 9, "excluded_lines": 0, "num_branches": 46, "num_partial_branches": 4, "covered_branches": 42, "missing_branches": 4}, "missing_lines": [19, 20, 227, 228, 229, 327, 328, 333, 380], "excluded_lines": [], "executed_branches": [[18, 22], [123, 124], [123, 128], [128, 129], [128, 133], [133, 134], [133, 138], [138, 139], [138, 142], [211, 212], [219, 220], [219, 222], [258, 259], [258, 262], [323, 324], [323, 331], [343, 344], [343, 347], [348, 349], [348, 350], [357, 358], [357, 361], [366, 367], [366, 368], [373, 374], [373, 375], [379, 381], [388, 389], [388, 392], [392, 393], [392, 395], [408, 409], [408, 414], [409, 410], [409, 411], [411, 412], [411, 414], [415, 416], [416, 417], [416, 418], [418, 419], [418, 421]], "missing_branches": [[18, 19], [211, 225], [379, 380], [415, 421]], "functions": {"TAOutput.validate": {"executed_lines": [120, 123, 124, 125, 128, 129, 130, 133, 134, 135, 138, 139, 140, 142], "summary": {"covered_lines": 14, "num_statements": 14, "percent_covered": 100.0, "percent_covered_display": "100", "missing_lines": 0, "excluded_lines": 0, "num_branches": 8, "num_partial_branches": 0, "covered_branches": 8, "missing_branches": 0}, "missing_lines": [], "excluded_lines": [], "executed_branches": [[123, 124], [123, 128], [128, 129], [128, 133], [133, 134], [133, 138], [138, 139], [138, 142]], "missing_branches": []}, "TechnicalAnalysisAgent.__init__": {"executed_lines": [173, 176, 177, 178], "summary": {"covered_lines": 4, "num_statements": 4, "percent_covered": 100.0, "percent_covered_display": "100", "missing_lines": 0, "excluded_lines": 0, "num_branches": 0, "num_partial_branches": 0, "covered_branches": 0, "missing_branches": 0}, "missing_lines": [], "excluded_lines": [], "executed_branches": [], "missing_branches": []}, "TechnicalAnalysisAgent.process": {"executed_lines": [196, 199, 207, 208, 209, 211, 212, 213, 217, 218, 219, 220, 221, 222, 225, 226, 232, 257, 258, 259, 262, 265, 267, 272], "summary": {"covered_lines": 24, "num_statements": 27, "percent_covered": 87.87878787878788, "percent_covered_display": "88", "missing_lines": 3, "excluded_lines": 0, "num_branches": 6, "num_partial_branches": 1, "covered_branches": 5, "missing_branches": 1}, "missing_lines": [227, 228, 229], "excluded_lines": [], "executed_branches": [[211, 212], [219, 220], [219, 222], [258, 259], [258, 262]], "missing_branches": [[211, 225]]}, "TechnicalAnalysisAgent.get_output_schema": {"executed_lines": [276], "summary": {"covered_lines": 1, "num_statements": 1, "percent_covered": 100.0, "percent_covered_display": "100", "missing_lines": 0, "excluded_lines": 0, "num_branches": 0, "num_partial_branches": 0, "covered_branches": 0, "missing_branches": 0}, "missing_lines": [], "excluded_lines": [], "executed_branches": [], "missing_branches": []}, "TechnicalAnalysisAgent._get_analysis_query": {"executed_lines": [280], "summary": {"covered_lines": 1, "num_statements": 1, "percent_covered": 100.0, "percent_covered_display": "100", "missing_lines": 0, "excluded_lines": 0, "num_branches": 0, "num_partial_branches": 0, "covered_branches": 0, "missing_branches": 0}, "missing_lines": [], "excluded_lines": [], "executed_branches": [], "missing_branches": []}, "TechnicalAnalysisAgent._parse_response": {"executed_lines": [322, 323, 324, 325, 326, 331, 332, 334, 335, 338], "summary": {"covered_lines": 10, "num_statements": 13, "percent_covered": 80.0, "percent_covered_display": "80", "missing_lines": 3, "excluded_lines": 0, "num_branches": 2, "num_partial_branches": 0, "covered_branches": 2, "missing_branches": 0}, "missing_lines": [327, 328, 333], "excluded_lines": [], "executed_branches": [[323, 324], [323, 331]], "missing_branches": []}, "TechnicalAnalysisAgent._normalize_parsed_output": {"executed_lines": [343, 344, 347, 348, 349, 350, 353, 354, 357, 358, 361, 362, 365, 366, 367, 368, 371, 372, 373, 374, 375, 378, 379, 381, 384, 385, 388, 389, 392, 393, 395], "summary": {"covered_lines": 31, "num_statements": 32, "percent_covered": 95.83333333333333, "percent_covered_display": "96", "missing_lines": 1, "excluded_lines": 0, "num_branches": 16, "num_partial_branches": 1, "covered_branches": 15, "missing_branches": 1}, "missing_lines": [380], "excluded_lines": [], "executed_branches": [[343, 344], [343, 347], [348, 349], [348, 350], [357, 358], [357, 361], [366, 367], [366, 368], [373, 374], [373, 375], [379, 381], [388, 389], [388, 392], [392, 393], [392, 395]], "missing_branches": [[379, 380]]}, "TechnicalAnalysisAgent._create_output_from_indicators": {"executed_lines": [399, 402, 403, 404, 407, 408, 409, 410, 411, 412, 414, 415, 416, 417, 418, 419, 421], "summary": {"covered_lines": 17, "num_statements": 17, "percent_covered": 96.55172413793103, "percent_covered_display": "97", "missing_lines": 0, "excluded_lines": 0, "num_branches": 12, "num_partial_branches": 1, "covered_branches": 11, "missing_branches": 1}, "missing_lines": [], "excluded_lines": [], "executed_branches": [[408, 409], [408, 414], [409, 410], [409, 411], [411, 412], [411, 414], [415, 416], [416, 417], [416, 418], [418, 419], [418, 421]], "missing_branches": [[415, 421]]}, "TechnicalAnalysisAgent._create_fallback_output": {"executed_lines": [449], "summary": {"covered_lines": 1, "num_statements": 1, "percent_covered": 100.0, "percent_covered_display": "100", "missing_lines": 0, "excluded_lines": 0, "num_branches": 0, "num_partial_branches": 0, "covered_branches": 0, "missing_branches": 0}, "missing_lines": [], "excluded_lines": [], "executed_branches": [], "missing_branches": []}, "": {"executed_lines": [1, 9, 10, 11, 12, 13, 14, 16, 18, 22, 26, 92, 93, 94, 96, 97, 98, 101, 102, 103, 106, 107, 108, 111, 112, 113, 116, 118, 145, 146, 153, 154, 155, 157, 180, 274, 278, 310, 340, 397, 447], "summary": {"covered_lines": 38, "num_statements": 40, "percent_covered": 92.85714285714286, "percent_covered_display": "93", "missing_lines": 2, "excluded_lines": 0, "num_branches": 2, "num_partial_branches": 1, "covered_branches": 1, "missing_branches": 1}, "missing_lines": [19, 20], "excluded_lines": [], "executed_branches": [[18, 22]], "missing_branches": [[18, 19]]}}, "classes": {"TAOutput": {"executed_lines": [120, 123, 124, 125, 128, 129, 130, 133, 134, 135, 138, 139, 140, 142], "summary": {"covered_lines": 14, "num_statements": 14, "percent_covered": 100.0, "percent_covered_display": "100", "missing_lines": 0, "excluded_lines": 0, "num_branches": 8, "num_partial_branches": 0, "covered_branches": 8, "missing_branches": 0}, "missing_lines": [], "excluded_lines": [], "executed_branches": [[123, 124], [123, 128], [128, 129], [128, 133], [133, 134], [133, 138], [138, 139], [138, 142]], "missing_branches": []}, "TechnicalAnalysisAgent": {"executed_lines": [173, 176, 177, 178, 196, 199, 207, 208, 209, 211, 212, 213, 217, 218, 219, 220, 221, 222, 225, 226, 232, 257, 258, 259, 262, 265, 267, 272, 276, 280, 322, 323, 324, 325, 326, 331, 332, 334, 335, 338, 343, 344, 347, 348, 349, 350, 353, 354, 357, 358, 361, 362, 365, 366, 367, 368, 371, 372, 373, 374, 375, 378, 379, 381, 384, 385, 388, 389, 392, 393, 395, 399, 402, 403, 404, 407, 408, 409, 410, 411, 412, 414, 415, 416, 417, 418, 419, 421, 449], "summary": {"covered_lines": 89, "num_statements": 96, "percent_covered": 92.42424242424242, "percent_covered_display": "92", "missing_lines": 7, "excluded_lines": 0, "num_branches": 36, "num_partial_branches": 3, "covered_branches": 33, "missing_branches": 3}, "missing_lines": [227, 228, 229, 327, 328, 333, 380], "excluded_lines": [], "executed_branches": [[211, 212], [219, 220], [219, 222], [258, 259], [258, 262], [323, 324], [323, 331], [343, 344], [343, 347], [348, 349], [348, 350], [357, 358], [357, 361], [366, 367], [366, 368], [373, 374], [373, 375], [379, 381], [388, 389], [388, 392], [392, 393], [392, 395], [408, 409], [408, 414], [409, 410], [409, 411], [411, 412], [411, 414], [415, 416], [416, 417], [416, 418], [418, 419], [418, 421]], "missing_branches": [[211, 225], [379, 380], [415, 421]]}, "": {"executed_lines": [1, 9, 10, 11, 12, 13, 14, 16, 18, 22, 26, 92, 93, 94, 96, 97, 98, 101, 102, 103, 106, 107, 108, 111, 112, 113, 116, 118, 145, 146, 153, 154, 155, 157, 180, 274, 278, 310, 340, 397, 447], "summary": {"covered_lines": 38, "num_statements": 40, "percent_covered": 92.85714285714286, "percent_covered_display": "93", "missing_lines": 2, "excluded_lines": 0, "num_branches": 2, "num_partial_branches": 1, "covered_branches": 1, "missing_branches": 1}, "missing_lines": [19, 20], "excluded_lines": [], "executed_branches": [[18, 22]], "missing_branches": [[18, 19]]}}}, "triplegain/src/agents/trading_decision.py": {"executed_lines": [1, 16, 17, 18, 19, 20, 21, 22, 23, 25, 27, 34, 38, 41, 42, 43, 44, 45, 46, 47, 48, 49, 50, 51, 52, 53, 54, 55, 56, 58, 60, 63, 64, 65, 67, 68, 69, 72, 73, 74, 77, 78, 81, 82, 83, 84, 87, 90, 91, 92, 94, 96, 123, 124, 125, 127, 128, 131, 132, 133, 134, 135, 138, 139, 142, 143, 144, 147, 150, 152, 154, 156, 157, 158, 160, 161, 162, 165, 166, 167, 168, 169, 170, 171, 173, 176, 177, 184, 185, 186, 188, 206, 207, 215, 218, 228, 229, 233, 241, 244, 246, 266, 267, 270, 271, 281, 291, 300, 307, 310, 312, 319, 344, 345, 346, 349, 352, 355, 356, 357, 359, 364, 366, 378, 380, 381, 382, 384, 385, 386, 392, 396, 400, 407, 417, 418, 419, 420, 421, 422, 423, 436, 440, 442, 453, 454, 461, 463, 478, 479, 480, 489, 492, 493, 494, 495, 496, 510, 513, 514, 515, 516, 519, 522, 523, 524, 525, 526, 527, 530, 531, 532, 537, 538, 540, 542, 544, 547, 548, 549, 550, 551, 554, 556, 562, 564, 566, 567, 580, 581, 582, 585, 586, 589, 590, 594, 595, 596, 597, 600, 604, 605, 610, 611, 612, 617, 618, 619, 620, 622, 623, 624, 625, 626, 628, 629, 630, 631, 632, 633, 634, 638, 639, 640, 642, 661, 663, 665, 672, 673, 676, 677, 678, 680, 682, 688, 689, 692, 694, 695, 696, 706, 725, 726, 728, 754, 755, 756, 758, 760, 768, 770, 771, 773, 774, 775, 776, 777, 780, 781, 782, 783, 784, 785, 788, 789, 790, 793, 803, 808, 810, 811, 813, 814, 815, 817, 819, 842, 844, 870, 872], "summary": {"covered_lines": 276, "num_statements": 312, "percent_covered": 87.5, "percent_covered_display": "88", "missing_lines": 36, "excluded_lines": 0, "num_branches": 88, "num_partial_branches": 14, "covered_branches": 74, "missing_branches": 14}, "missing_lines": [28, 29, 30, 31, 32, 272, 282, 394, 397, 408, 409, 410, 411, 412, 413, 414, 424, 425, 427, 497, 498, 501, 502, 503, 504, 505, 508, 533, 534, 552, 598, 599, 601, 602, 614, 635], "excluded_lines": [], "executed_branches": [[27, 34], [156, 157], [156, 160], [160, 161], [160, 165], [165, 166], [165, 173], [166, 167], [166, 169], [169, 170], [169, 173], [271, 281], [281, 291], [345, 346], [345, 349], [380, 381], [380, 396], [384, 385], [396, 400], [407, 417], [418, 419], [418, 436], [422, 423], [493, 494], [514, 515], [514, 516], [522, 523], [522, 530], [523, 522], [523, 524], [530, 531], [530, 537], [537, 538], [537, 540], [547, 548], [547, 549], [549, 550], [549, 551], [551, 554], [566, 567], [566, 580], [581, 582], [581, 585], [594, 595], [594, 597], [597, 600], [600, 604], [611, 612], [622, 623], [628, 629], [628, 630], [630, 631], [630, 632], [632, 633], [632, 634], [634, 638], [676, 677], [676, 680], [677, 676], [677, 678], [688, 689], [688, 692], [695, -682], [695, 696], [754, 755], [754, 758], [770, 771], [770, 773], [774, 775], [774, 810], [780, 781], [780, 783], [783, 784], [783, 788]], "missing_branches": [[27, 28], [271, 272], [281, 282], [384, 394], [396, 397], [407, 408], [422, 418], [493, 501], [551, 552], [597, 598], [600, 601], [611, 614], [622, 638], [634, 635]], "functions": {"ModelDecision.is_valid": {"executed_lines": [60], "summary": {"covered_lines": 1, "num_statements": 1, "percent_covered": 100.0, "percent_covered_display": "100", "missing_lines": 0, "excluded_lines": 0, "num_branches": 0, "num_partial_branches": 0, "covered_branches": 0, "missing_branches": 0}, "missing_lines": [], "excluded_lines": [], "executed_branches": [], "missing_branches": []}, "ConsensusResult.to_dict": {"executed_lines": [96], "summary": {"covered_lines": 1, "num_statements": 1, "percent_covered": 100.0, "percent_covered_display": "100", "missing_lines": 0, "excluded_lines": 0, "num_branches": 0, "num_partial_branches": 0, "covered_branches": 0, "missing_branches": 0}, "missing_lines": [], "excluded_lines": [], "executed_branches": [], "missing_branches": []}, "TradingDecisionOutput.validate": {"executed_lines": [154, 156, 157, 158, 160, 161, 162, 165, 166, 167, 168, 169, 170, 171, 173], "summary": {"covered_lines": 15, "num_statements": 15, "percent_covered": 100.0, "percent_covered_display": "100", "missing_lines": 0, "excluded_lines": 0, "num_branches": 10, "num_partial_branches": 0, "covered_branches": 10, "missing_branches": 0}, "missing_lines": [], "excluded_lines": [], "executed_branches": [[156, 157], [156, 160], [160, 161], [160, 165], [165, 166], [165, 173], [166, 167], [166, 169], [169, 170], [169, 173]], "missing_branches": []}, "TradingDecisionAgent.__init__": {"executed_lines": [206, 207, 215, 218, 228, 229, 233, 241, 244], "summary": {"covered_lines": 9, "num_statements": 9, "percent_covered": 100.0, "percent_covered_display": "100", "missing_lines": 0, "excluded_lines": 0, "num_branches": 0, "num_partial_branches": 0, "covered_branches": 0, "missing_branches": 0}, "missing_lines": [], "excluded_lines": [], "executed_branches": [], "missing_branches": []}, "TradingDecisionAgent.process": {"executed_lines": [266, 267, 270, 271, 281, 291, 300, 307, 310, 312, 319, 344, 345, 346, 349, 352, 355, 356, 357, 359, 364], "summary": {"covered_lines": 21, "num_statements": 23, "percent_covered": 86.20689655172414, "percent_covered_display": "86", "missing_lines": 2, "excluded_lines": 0, "num_branches": 6, "num_partial_branches": 2, "covered_branches": 4, "missing_branches": 2}, "missing_lines": [272, 282], "excluded_lines": [], "executed_branches": [[271, 281], [281, 291], [345, 346], [345, 349]], "missing_branches": [[271, 272], [281, 282]]}, "TradingDecisionAgent._query_all_models": {"executed_lines": [378, 380, 381, 382, 384, 385, 386, 392, 396, 400, 407, 417, 418, 419, 420, 421, 422, 423, 436, 440], "summary": {"covered_lines": 20, "num_statements": 32, "percent_covered": 63.63636363636363, "percent_covered_display": "64", "missing_lines": 12, "excluded_lines": 0, "num_branches": 12, "num_partial_branches": 4, "covered_branches": 8, "missing_branches": 4}, "missing_lines": [394, 397, 408, 409, 410, 411, 412, 413, 414, 424, 425, 427], "excluded_lines": [], "executed_branches": [[380, 381], [380, 396], [384, 385], [396, 400], [407, 417], [418, 419], [418, 436], [422, 423]], "missing_branches": [[384, 394], [396, 397], [407, 408], [422, 418]]}, "TradingDecisionAgent._query_single_model": {"executed_lines": [453, 454, 461, 463, 478, 479, 480], "summary": {"covered_lines": 7, "num_statements": 7, "percent_covered": 100.0, "percent_covered_display": "100", "missing_lines": 0, "excluded_lines": 0, "num_branches": 0, "num_partial_branches": 0, "covered_branches": 0, "missing_branches": 0}, "missing_lines": [], "excluded_lines": [], "executed_branches": [], "missing_branches": []}, "TradingDecisionAgent._parse_decision": {"executed_lines": [492, 493, 494, 495, 496], "summary": {"covered_lines": 5, "num_statements": 13, "percent_covered": 40.0, "percent_covered_display": "40", "missing_lines": 8, "excluded_lines": 0, "num_branches": 2, "num_partial_branches": 1, "covered_branches": 1, "missing_branches": 1}, "missing_lines": [497, 498, 501, 502, 503, 504, 505, 508], "excluded_lines": [], "executed_branches": [[493, 494]], "missing_branches": [[493, 501]]}, "TradingDecisionAgent._normalize_decision": {"executed_lines": [513, 514, 515, 516, 519, 522, 523, 524, 525, 526, 527, 530, 531, 532, 537, 538, 540], "summary": {"covered_lines": 17, "num_statements": 19, "percent_covered": 93.10344827586206, "percent_covered_display": "93", "missing_lines": 2, "excluded_lines": 0, "num_branches": 10, "num_partial_branches": 0, "covered_branches": 10, "missing_branches": 0}, "missing_lines": [533, 534], "excluded_lines": [], "executed_branches": [[514, 515], [514, 516], [522, 523], [522, 530], [523, 522], [523, 524], [530, 531], [530, 537], [537, 538], [537, 540]], "missing_branches": []}, "TradingDecisionAgent._extract_decision_from_text": {"executed_lines": [544, 547, 548, 549, 550, 551, 554, 556], "summary": {"covered_lines": 8, "num_statements": 9, "percent_covered": 86.66666666666667, "percent_covered_display": "87", "missing_lines": 1, "excluded_lines": 0, "num_branches": 6, "num_partial_branches": 1, "covered_branches": 5, "missing_branches": 1}, "missing_lines": [552], "excluded_lines": [], "executed_branches": [[547, 548], [547, 549], [549, 550], [549, 551], [551, 554]], "missing_branches": [[551, 552]]}, "TradingDecisionAgent._calculate_consensus": {"executed_lines": [564, 566, 567, 580, 581, 582, 585, 586, 589, 590, 594, 595, 596, 597, 600, 604, 605, 610, 611, 612, 617, 618, 619, 620, 622, 623, 624, 625, 626, 628, 629, 630, 631, 632, 633, 634, 638, 639, 640, 642], "summary": {"covered_lines": 40, "num_statements": 46, "percent_covered": 83.82352941176471, "percent_covered_display": "84", "missing_lines": 6, "excluded_lines": 0, "num_branches": 22, "num_partial_branches": 5, "covered_branches": 17, "missing_branches": 5}, "missing_lines": [598, 599, 601, 602, 614, 635], "excluded_lines": [], "executed_branches": [[566, 567], [566, 580], [581, 582], [581, 585], [594, 595], [594, 597], [597, 600], [600, 604], [611, 612], [622, 623], [628, 629], [628, 630], [630, 631], [630, 632], [632, 633], [632, 634], [634, 638]], "missing_branches": [[597, 598], [600, 601], [611, 614], [622, 638], [634, 635]]}, "TradingDecisionAgent._build_consensus_reasoning": {"executed_lines": [663, 665, 672, 673, 676, 677, 678, 680], "summary": {"covered_lines": 8, "num_statements": 8, "percent_covered": 100.0, "percent_covered_display": "100", "missing_lines": 0, "excluded_lines": 0, "num_branches": 4, "num_partial_branches": 0, "covered_branches": 4, "missing_branches": 0}, "missing_lines": [], "excluded_lines": [], "executed_branches": [[676, 677], [676, 680], [677, 676], [677, 678]], "missing_branches": []}, "TradingDecisionAgent._store_model_comparisons": {"executed_lines": [688, 689, 692, 694, 695, 696, 706, 725, 726], "summary": {"covered_lines": 9, "num_statements": 9, "percent_covered": 100.0, "percent_covered_display": "100", "missing_lines": 0, "excluded_lines": 0, "num_branches": 4, "num_partial_branches": 0, "covered_branches": 4, "missing_branches": 0}, "missing_lines": [], "excluded_lines": [], "executed_branches": [[688, 689], [688, 692], [695, -682], [695, 696]], "missing_branches": []}, "TradingDecisionAgent.update_comparison_outcomes": {"executed_lines": [754, 755, 756, 758, 760, 768, 770, 771, 773, 774, 775, 776, 777, 780, 781, 782, 783, 784, 785, 788, 789, 790, 793, 803, 808, 810, 811, 813, 814, 815], "summary": {"covered_lines": 30, "num_statements": 30, "percent_covered": 100.0, "percent_covered_display": "100", "missing_lines": 0, "excluded_lines": 0, "num_branches": 10, "num_partial_branches": 0, "covered_branches": 10, "missing_branches": 0}, "missing_lines": [], "excluded_lines": [], "executed_branches": [[754, 755], [754, 758], [770, 771], [770, 773], [774, 775], [774, 810], [780, 781], [780, 783], [783, 784], [783, 788]], "missing_branches": []}, "TradingDecisionAgent._get_decision_query": {"executed_lines": [819], "summary": {"covered_lines": 1, "num_statements": 1, "percent_covered": 100.0, "percent_covered_display": "100", "missing_lines": 0, "excluded_lines": 0, "num_branches": 0, "num_partial_branches": 0, "covered_branches": 0, "missing_branches": 0}, "missing_lines": [], "excluded_lines": [], "executed_branches": [], "missing_branches": []}, "TradingDecisionAgent.get_output_schema": {"executed_lines": [844], "summary": {"covered_lines": 1, "num_statements": 1, "percent_covered": 100.0, "percent_covered_display": "100", "missing_lines": 0, "excluded_lines": 0, "num_branches": 0, "num_partial_branches": 0, "covered_branches": 0, "missing_branches": 0}, "missing_lines": [], "excluded_lines": [], "executed_branches": [], "missing_branches": []}, "TradingDecisionAgent.get_stats": {"executed_lines": [872], "summary": {"covered_lines": 1, "num_statements": 1, "percent_covered": 100.0, "percent_covered_display": "100", "missing_lines": 0, "excluded_lines": 0, "num_branches": 0, "num_partial_branches": 0, "covered_branches": 0, "missing_branches": 0}, "missing_lines": [], "excluded_lines": [], "executed_branches": [], "missing_branches": []}, "": {"executed_lines": [1, 16, 17, 18, 19, 20, 21, 22, 23, 25, 27, 34, 38, 41, 42, 43, 44, 45, 46, 47, 48, 49, 50, 51, 52, 53, 54, 55, 56, 58, 63, 64, 65, 67, 68, 69, 72, 73, 74, 77, 78, 81, 82, 83, 84, 87, 90, 91, 92, 94, 123, 124, 125, 127, 128, 131, 132, 133, 134, 135, 138, 139, 142, 143, 144, 147, 150, 152, 176, 177, 184, 185, 186, 188, 246, 366, 442, 489, 510, 542, 562, 661, 682, 728, 817, 842, 870], "summary": {"covered_lines": 82, "num_statements": 87, "percent_covered": 93.25842696629213, "percent_covered_display": "93", "missing_lines": 5, "excluded_lines": 0, "num_branches": 2, "num_partial_branches": 1, "covered_branches": 1, "missing_branches": 1}, "missing_lines": [28, 29, 30, 31, 32], "excluded_lines": [], "executed_branches": [[27, 34]], "missing_branches": [[27, 28]]}}, "classes": {"ModelDecision": {"executed_lines": [60], "summary": {"covered_lines": 1, "num_statements": 1, "percent_covered": 100.0, "percent_covered_display": "100", "missing_lines": 0, "excluded_lines": 0, "num_branches": 0, "num_partial_branches": 0, "covered_branches": 0, "missing_branches": 0}, "missing_lines": [], "excluded_lines": [], "executed_branches": [], "missing_branches": []}, "ConsensusResult": {"executed_lines": [96], "summary": {"covered_lines": 1, "num_statements": 1, "percent_covered": 100.0, "percent_covered_display": "100", "missing_lines": 0, "excluded_lines": 0, "num_branches": 0, "num_partial_branches": 0, "covered_branches": 0, "missing_branches": 0}, "missing_lines": [], "excluded_lines": [], "executed_branches": [], "missing_branches": []}, "TradingDecisionOutput": {"executed_lines": [154, 156, 157, 158, 160, 161, 162, 165, 166, 167, 168, 169, 170, 171, 173], "summary": {"covered_lines": 15, "num_statements": 15, "percent_covered": 100.0, "percent_covered_display": "100", "missing_lines": 0, "excluded_lines": 0, "num_branches": 10, "num_partial_branches": 0, "covered_branches": 10, "missing_branches": 0}, "missing_lines": [], "excluded_lines": [], "executed_branches": [[156, 157], [156, 160], [160, 161], [160, 165], [165, 166], [165, 173], [166, 167], [166, 169], [169, 170], [169, 173]], "missing_branches": []}, "TradingDecisionAgent": {"executed_lines": [206, 207, 215, 218, 228, 229, 233, 241, 244, 266, 267, 270, 271, 281, 291, 300, 307, 310, 312, 319, 344, 345, 346, 349, 352, 355, 356, 357, 359, 364, 378, 380, 381, 382, 384, 385, 386, 392, 396, 400, 407, 417, 418, 419, 420, 421, 422, 423, 436, 440, 453, 454, 461, 463, 478, 479, 480, 492, 493, 494, 495, 496, 513, 514, 515, 516, 519, 522, 523, 524, 525, 526, 527, 530, 531, 532, 537, 538, 540, 544, 547, 548, 549, 550, 551, 554, 556, 564, 566, 567, 580, 581, 582, 585, 586, 589, 590, 594, 595, 596, 597, 600, 604, 605, 610, 611, 612, 617, 618, 619, 620, 622, 623, 624, 625, 626, 628, 629, 630, 631, 632, 633, 634, 638, 639, 640, 642, 663, 665, 672, 673, 676, 677, 678, 680, 688, 689, 692, 694, 695, 696, 706, 725, 726, 754, 755, 756, 758, 760, 768, 770, 771, 773, 774, 775, 776, 777, 780, 781, 782, 783, 784, 785, 788, 789, 790, 793, 803, 808, 810, 811, 813, 814, 815, 819, 844, 872], "summary": {"covered_lines": 177, "num_statements": 208, "percent_covered": 84.50704225352112, "percent_covered_display": "85", "missing_lines": 31, "excluded_lines": 0, "num_branches": 76, "num_partial_branches": 13, "covered_branches": 63, "missing_branches": 13}, "missing_lines": [272, 282, 394, 397, 408, 409, 410, 411, 412, 413, 414, 424, 425, 427, 497, 498, 501, 502, 503, 504, 505, 508, 533, 534, 552, 598, 599, 601, 602, 614, 635], "excluded_lines": [], "executed_branches": [[271, 281], [281, 291], [345, 346], [345, 349], [380, 381], [380, 396], [384, 385], [396, 400], [407, 417], [418, 419], [418, 436], [422, 423], [493, 494], [514, 515], [514, 516], [522, 523], [522, 530], [523, 522], [523, 524], [530, 531], [530, 537], [537, 538], [537, 540], [547, 548], [547, 549], [549, 550], [549, 551], [551, 554], [566, 567], [566, 580], [581, 582], [581, 585], [594, 595], [594, 597], [597, 600], [600, 604], [611, 612], [622, 623], [628, 629], [628, 630], [630, 631], [630, 632], [632, 633], [632, 634], [634, 638], [676, 677], [676, 680], [677, 676], [677, 678], [688, 689], [688, 692], [695, -682], [695, 696], [754, 755], [754, 758], [770, 771], [770, 773], [774, 775], [774, 810], [780, 781], [780, 783], [783, 784], [783, 788]], "missing_branches": [[271, 272], [281, 282], [384, 394], [396, 397], [407, 408], [422, 418], [493, 501], [551, 552], [597, 598], [600, 601], [611, 614], [622, 638], [634, 635]]}, "": {"executed_lines": [1, 16, 17, 18, 19, 20, 21, 22, 23, 25, 27, 34, 38, 41, 42, 43, 44, 45, 46, 47, 48, 49, 50, 51, 52, 53, 54, 55, 56, 58, 63, 64, 65, 67, 68, 69, 72, 73, 74, 77, 78, 81, 82, 83, 84, 87, 90, 91, 92, 94, 123, 124, 125, 127, 128, 131, 132, 133, 134, 135, 138, 139, 142, 143, 144, 147, 150, 152, 176, 177, 184, 185, 186, 188, 246, 366, 442, 489, 510, 542, 562, 661, 682, 728, 817, 842, 870], "summary": {"covered_lines": 82, "num_statements": 87, "percent_covered": 93.25842696629213, "percent_covered_display": "93", "missing_lines": 5, "excluded_lines": 0, "num_branches": 2, "num_partial_branches": 1, "covered_branches": 1, "missing_branches": 1}, "missing_lines": [28, 29, 30, 31, 32], "excluded_lines": [], "executed_branches": [[27, 34]], "missing_branches": [[27, 28]]}}}, "triplegain/src/api/__init__.py": {"executed_lines": [1, 3, 5], "summary": {"covered_lines": 2, "num_statements": 2, "percent_covered": 100.0, "percent_covered_display": "100", "missing_lines": 0, "excluded_lines": 0, "num_branches": 0, "num_partial_branches": 0, "covered_branches": 0, "missing_branches": 0}, "missing_lines": [], "excluded_lines": [], "executed_branches": [], "missing_branches": [], "functions": {"": {"executed_lines": [1, 3, 5], "summary": {"covered_lines": 2, "num_statements": 2, "percent_covered": 100.0, "percent_covered_display": "100", "missing_lines": 0, "excluded_lines": 0, "num_branches": 0, "num_partial_branches": 0, "covered_branches": 0, "missing_branches": 0}, "missing_lines": [], "excluded_lines": [], "executed_branches": [], "missing_branches": []}}, "classes": {"": {"executed_lines": [1, 3, 5], "summary": {"covered_lines": 2, "num_statements": 2, "percent_covered": 100.0, "percent_covered_display": "100", "missing_lines": 0, "excluded_lines": 0, "num_branches": 0, "num_partial_branches": 0, "covered_branches": 0, "missing_branches": 0}, "missing_lines": [], "excluded_lines": [], "executed_branches": [], "missing_branches": []}}}, "triplegain/src/api/app.py": {"executed_lines": [1, 11, 12, 13, 14, 15, 17, 18, 19, 20, 25, 26, 27, 28, 29, 31, 34, 35, 36, 37, 42, 45, 48, 61, 62, 67, 70, 83, 88, 91, 92, 135, 137, 138, 140, 148, 149, 150, 151, 153, 156, 159, 160, 167, 174, 175, 176, 177, 178, 180, 181, 184, 189, 194, 195, 196, 201, 203, 205, 206, 208, 210, 211, 213, 214, 215, 218, 221, 222, 239, 240, 242, 243, 245, 247, 249, 250, 253, 255, 263, 264, 265, 268, 271, 272, 287, 289, 290, 292, 293, 295, 310, 311, 312, 315, 318, 319, 334, 336, 337, 339, 341, 344, 346, 357, 359, 364, 365, 367, 368, 369, 384, 387, 390, 391, 392, 396], "summary": {"covered_lines": 115, "num_statements": 148, "percent_covered": 78.73563218390805, "percent_covered_display": "79", "missing_lines": 33, "excluded_lines": 3, "num_branches": 26, "num_partial_branches": 2, "covered_branches": 22, "missing_branches": 4}, "missing_lines": [21, 22, 23, 63, 84, 96, 98, 99, 100, 101, 102, 105, 106, 107, 110, 111, 114, 115, 118, 119, 121, 123, 124, 126, 130, 131, 132, 360, 361, 362, 378, 379, 380], "excluded_lines": [396, 397, 398], "executed_branches": [[62, 67], [83, 88], [137, 138], [137, 140], [174, 175], [174, 180], [177, 178], [177, 184], [194, 195], [194, 201], [213, 214], [213, 215], [242, 243], [242, 245], [249, 250], [249, 253], [289, 290], [289, 292], [336, 337], [336, 339], [390, 391], [390, 392]], "missing_branches": [[62, 63], [83, 84], [130, -91], [130, 131]], "functions": {"validate_symbol": {"executed_lines": [61, 62, 67], "summary": {"covered_lines": 3, "num_statements": 4, "percent_covered": 66.66666666666667, "percent_covered_display": "67", "missing_lines": 1, "excluded_lines": 0, "num_branches": 2, "num_partial_branches": 1, "covered_branches": 1, "missing_branches": 1}, "missing_lines": [63], "excluded_lines": [], "executed_branches": [[62, 67]], "missing_branches": [[62, 63]]}, "validate_timeframe": {"executed_lines": [83, 88], "summary": {"covered_lines": 2, "num_statements": 3, "percent_covered": 60.0, "percent_covered_display": "60", "missing_lines": 1, "excluded_lines": 0, "num_branches": 2, "num_partial_branches": 1, "covered_branches": 1, "missing_branches": 1}, "missing_lines": [84], "excluded_lines": [], "executed_branches": [[83, 88]], "missing_branches": [[83, 84]]}, "lifespan": {"executed_lines": [], "summary": {"covered_lines": 0, "num_statements": 22, "percent_covered": 0.0, "percent_covered_display": "0", "missing_lines": 22, "excluded_lines": 0, "num_branches": 2, "num_partial_branches": 0, "covered_branches": 0, "missing_branches": 2}, "missing_lines": [96, 98, 99, 100, 101, 102, 105, 106, 107, 110, 111, 114, 115, 118, 119, 121, 123, 124, 126, 130, 131, 132], "excluded_lines": [], "executed_branches": [], "missing_branches": [[130, -91], [130, 131]]}, "create_app": {"executed_lines": [137, 138, 140, 148, 149, 150, 151, 153], "summary": {"covered_lines": 8, "num_statements": 8, "percent_covered": 100.0, "percent_covered_display": "100", "missing_lines": 0, "excluded_lines": 0, "num_branches": 2, "num_partial_branches": 0, "covered_branches": 2, "missing_branches": 0}, "missing_lines": [], "excluded_lines": [], "executed_branches": [[137, 138], [137, 140]], "missing_branches": []}, "register_health_routes": {"executed_lines": [159, 160, 205, 206, 210, 211], "summary": {"covered_lines": 6, "num_statements": 6, "percent_covered": 100.0, "percent_covered_display": "100", "missing_lines": 0, "excluded_lines": 0, "num_branches": 0, "num_partial_branches": 0, "covered_branches": 0, "missing_branches": 0}, "missing_lines": [], "excluded_lines": [], "executed_branches": [], "missing_branches": []}, "register_health_routes.health_check": {"executed_lines": [167, 174, 175, 176, 177, 178, 180, 181, 184, 189, 194, 195, 196, 201, 203], "summary": {"covered_lines": 15, "num_statements": 15, "percent_covered": 100.0, "percent_covered_display": "100", "missing_lines": 0, "excluded_lines": 0, "num_branches": 6, "num_partial_branches": 0, "covered_branches": 6, "missing_branches": 0}, "missing_lines": [], "excluded_lines": [], "executed_branches": [[174, 175], [174, 180], [177, 178], [177, 184], [194, 195], [194, 201]], "missing_branches": []}, "register_health_routes.liveness_check": {"executed_lines": [208], "summary": {"covered_lines": 1, "num_statements": 1, "percent_covered": 100.0, "percent_covered_display": "100", "missing_lines": 0, "excluded_lines": 0, "num_branches": 0, "num_partial_branches": 0, "covered_branches": 0, "missing_branches": 0}, "missing_lines": [], "excluded_lines": [], "executed_branches": [], "missing_branches": []}, "register_health_routes.readiness_check": {"executed_lines": [213, 214, 215], "summary": {"covered_lines": 3, "num_statements": 3, "percent_covered": 100.0, "percent_covered_display": "100", "missing_lines": 0, "excluded_lines": 0, "num_branches": 2, "num_partial_branches": 0, "covered_branches": 2, "missing_branches": 0}, "missing_lines": [], "excluded_lines": [], "executed_branches": [[213, 214], [213, 215]], "missing_branches": []}, "register_indicator_routes": {"executed_lines": [221, 222], "summary": {"covered_lines": 2, "num_statements": 2, "percent_covered": 100.0, "percent_covered_display": "100", "missing_lines": 0, "excluded_lines": 0, "num_branches": 0, "num_partial_branches": 0, "covered_branches": 0, "missing_branches": 0}, "missing_lines": [], "excluded_lines": [], "executed_branches": [], "missing_branches": []}, "register_indicator_routes.get_indicators": {"executed_lines": [239, 240, 242, 243, 245, 247, 249, 250, 253, 255, 263, 264, 265], "summary": {"covered_lines": 13, "num_statements": 13, "percent_covered": 100.0, "percent_covered_display": "100", "missing_lines": 0, "excluded_lines": 0, "num_branches": 4, "num_partial_branches": 0, "covered_branches": 4, "missing_branches": 0}, "missing_lines": [], "excluded_lines": [], "executed_branches": [[242, 243], [242, 245], [249, 250], [249, 253]], "missing_branches": []}, "register_snapshot_routes": {"executed_lines": [271, 272], "summary": {"covered_lines": 2, "num_statements": 2, "percent_covered": 100.0, "percent_covered_display": "100", "missing_lines": 0, "excluded_lines": 0, "num_branches": 0, "num_partial_branches": 0, "covered_branches": 0, "missing_branches": 0}, "missing_lines": [], "excluded_lines": [], "executed_branches": [], "missing_branches": []}, "register_snapshot_routes.get_snapshot": {"executed_lines": [287, 289, 290, 292, 293, 295, 310, 311, 312], "summary": {"covered_lines": 9, "num_statements": 9, "percent_covered": 100.0, "percent_covered_display": "100", "missing_lines": 0, "excluded_lines": 0, "num_branches": 2, "num_partial_branches": 0, "covered_branches": 2, "missing_branches": 0}, "missing_lines": [], "excluded_lines": [], "executed_branches": [[289, 290], [289, 292]], "missing_branches": []}, "register_debug_routes": {"executed_lines": [318, 319, 364, 365], "summary": {"covered_lines": 4, "num_statements": 4, "percent_covered": 100.0, "percent_covered_display": "100", "missing_lines": 0, "excluded_lines": 0, "num_branches": 0, "num_partial_branches": 0, "covered_branches": 0, "missing_branches": 0}, "missing_lines": [], "excluded_lines": [], "executed_branches": [], "missing_branches": []}, "register_debug_routes.get_debug_prompt": {"executed_lines": [334, 336, 337, 339, 341, 344, 346, 357, 359], "summary": {"covered_lines": 9, "num_statements": 12, "percent_covered": 78.57142857142857, "percent_covered_display": "79", "missing_lines": 3, "excluded_lines": 0, "num_branches": 2, "num_partial_branches": 0, "covered_branches": 2, "missing_branches": 0}, "missing_lines": [360, 361, 362], "excluded_lines": [], "executed_branches": [[336, 337], [336, 339]], "missing_branches": []}, "register_debug_routes.get_config": {"executed_lines": [367, 368, 369], "summary": {"covered_lines": 3, "num_statements": 6, "percent_covered": 50.0, "percent_covered_display": "50", "missing_lines": 3, "excluded_lines": 0, "num_branches": 0, "num_partial_branches": 0, "covered_branches": 0, "missing_branches": 0}, "missing_lines": [378, 379, 380], "excluded_lines": [], "executed_branches": [], "missing_branches": []}, "get_app": {"executed_lines": [390, 391, 392], "summary": {"covered_lines": 3, "num_statements": 3, "percent_covered": 100.0, "percent_covered_display": "100", "missing_lines": 0, "excluded_lines": 0, "num_branches": 2, "num_partial_branches": 0, "covered_branches": 2, "missing_branches": 0}, "missing_lines": [], "excluded_lines": [], "executed_branches": [[390, 391], [390, 392]], "missing_branches": []}, "": {"executed_lines": [1, 11, 12, 13, 14, 15, 17, 18, 19, 20, 25, 26, 27, 28, 29, 31, 34, 35, 36, 37, 42, 45, 48, 70, 91, 92, 135, 156, 218, 268, 315, 384, 387, 396], "summary": {"covered_lines": 32, "num_statements": 35, "percent_covered": 91.42857142857143, "percent_covered_display": "91", "missing_lines": 3, "excluded_lines": 3, "num_branches": 0, "num_partial_branches": 0, "covered_branches": 0, "missing_branches": 0}, "missing_lines": [21, 22, 23], "excluded_lines": [396, 397, 398], "executed_branches": [], "missing_branches": []}}, "classes": {"": {"executed_lines": [1, 11, 12, 13, 14, 15, 17, 18, 19, 20, 25, 26, 27, 28, 29, 31, 34, 35, 36, 37, 42, 45, 48, 61, 62, 67, 70, 83, 88, 91, 92, 135, 137, 138, 140, 148, 149, 150, 151, 153, 156, 159, 160, 167, 174, 175, 176, 177, 178, 180, 181, 184, 189, 194, 195, 196, 201, 203, 205, 206, 208, 210, 211, 213, 214, 215, 218, 221, 222, 239, 240, 242, 243, 245, 247, 249, 250, 253, 255, 263, 264, 265, 268, 271, 272, 287, 289, 290, 292, 293, 295, 310, 311, 312, 315, 318, 319, 334, 336, 337, 339, 341, 344, 346, 357, 359, 364, 365, 367, 368, 369, 384, 387, 390, 391, 392, 396], "summary": {"covered_lines": 115, "num_statements": 148, "percent_covered": 78.73563218390805, "percent_covered_display": "79", "missing_lines": 33, "excluded_lines": 3, "num_branches": 26, "num_partial_branches": 2, "covered_branches": 22, "missing_branches": 4}, "missing_lines": [21, 22, 23, 63, 84, 96, 98, 99, 100, 101, 102, 105, 106, 107, 110, 111, 114, 115, 118, 119, 121, 123, 124, 126, 130, 131, 132, 360, 361, 362, 378, 379, 380], "excluded_lines": [396, 397, 398], "executed_branches": [[62, 67], [83, 88], [137, 138], [137, 140], [174, 175], [174, 180], [177, 178], [177, 184], [194, 195], [194, 201], [213, 214], [213, 215], [242, 243], [242, 245], [249, 250], [249, 253], [289, 290], [289, 292], [336, 337], [336, 339], [390, 391], [390, 392]], "missing_branches": [[62, 63], [83, 84], [130, -91], [130, 131]]}}}, "triplegain/src/api/routes_agents.py": {"executed_lines": [1, 12, 13, 14, 15, 17, 18, 19, 20, 26, 28, 35, 36, 37, 38, 39, 40, 41, 42, 43, 44, 45, 46, 48, 49, 50, 51, 52, 59, 85, 88, 94, 95, 110, 112, 113, 115, 117, 118, 119, 127, 130, 132, 139, 140, 141, 143, 144, 159, 161, 162, 164, 166, 169, 171, 186, 187, 202, 204, 205, 207, 209, 210, 220, 223, 224, 225, 228, 230, 242, 243, 258, 260, 261, 263, 265, 268, 269, 270, 271, 276, 278, 294, 295, 312, 314, 315, 317, 319, 322, 323, 325, 326, 327, 329, 330, 331, 333, 334, 335, 337, 338, 339, 342, 349, 350, 351, 361, 395, 396, 408, 409, 411, 412, 415, 428, 430, 436, 437, 439, 442, 445, 451, 456, 462, 463, 470, 471, 473, 474, 476, 520, 521, 533, 534, 536, 537, 539, 540, 545, 550, 551, 560, 561, 563, 565, 566, 568, 569, 571, 572, 574, 579], "summary": {"covered_lines": 150, "num_statements": 181, "percent_covered": 81.74273858921161, "percent_covered_display": "82", "missing_lines": 31, "excluded_lines": 0, "num_branches": 60, "num_partial_branches": 13, "covered_branches": 47, "missing_branches": 13}, "missing_lines": [21, 22, 23, 24, 86, 178, 179, 180, 211, 238, 239, 240, 273, 286, 287, 288, 387, 388, 389, 440, 443, 446, 458, 459, 460, 516, 517, 518, 552, 553, 554], "excluded_lines": [], "executed_branches": [[35, 36], [85, 88], [112, 113], [112, 115], [118, 119], [118, 127], [161, 162], [161, 164], [204, 205], [204, 207], [210, 220], [224, 225], [260, 261], [260, 263], [269, 270], [270, 271], [314, 315], [314, 317], [325, 326], [326, 327], [326, 329], [330, 331], [333, 334], [334, 335], [334, 337], [338, 339], [350, 351], [350, 361], [408, 409], [408, 411], [436, 437], [436, 439], [439, 442], [442, 445], [445, 451], [470, 471], [470, 473], [533, 534], [533, 536], [539, 540], [539, 545], [565, 566], [565, 568], [568, 569], [568, 571], [571, 572], [571, 574]], "missing_branches": [[35, 59], [85, 86], [210, 211], [224, 228], [269, 276], [270, 273], [325, 333], [330, 333], [333, 342], [338, 342], [439, 440], [442, 443], [445, 446]], "functions": {"create_agent_router": {"executed_lines": [85, 88, 94, 95, 143, 144, 186, 187, 242, 243, 294, 295, 395, 396, 462, 463, 520, 521, 560, 561, 579], "summary": {"covered_lines": 21, "num_statements": 22, "percent_covered": 91.66666666666667, "percent_covered_display": "92", "missing_lines": 1, "excluded_lines": 0, "num_branches": 2, "num_partial_branches": 1, "covered_branches": 1, "missing_branches": 1}, "missing_lines": [86], "excluded_lines": [], "executed_branches": [[85, 88]], "missing_branches": [[85, 86]]}, "create_agent_router.get_ta_analysis": {"executed_lines": [110, 112, 113, 115, 117, 118, 119, 127, 130, 132, 139, 140, 141], "summary": {"covered_lines": 13, "num_statements": 13, "percent_covered": 100.0, "percent_covered_display": "100", "missing_lines": 0, "excluded_lines": 0, "num_branches": 4, "num_partial_branches": 0, "covered_branches": 4, "missing_branches": 0}, "missing_lines": [], "excluded_lines": [], "executed_branches": [[112, 113], [112, 115], [118, 119], [118, 127]], "missing_branches": []}, "create_agent_router.run_ta_analysis": {"executed_lines": [159, 161, 162, 164, 166, 169, 171], "summary": {"covered_lines": 7, "num_statements": 10, "percent_covered": 75.0, "percent_covered_display": "75", "missing_lines": 3, "excluded_lines": 0, "num_branches": 2, "num_partial_branches": 0, "covered_branches": 2, "missing_branches": 0}, "missing_lines": [178, 179, 180], "excluded_lines": [], "executed_branches": [[161, 162], [161, 164]], "missing_branches": []}, "create_agent_router.get_regime": {"executed_lines": [202, 204, 205, 207, 209, 210, 220, 223, 224, 225, 228, 230], "summary": {"covered_lines": 12, "num_statements": 16, "percent_covered": 72.727272
[...]
al_branches": 1, "covered_branches": 7, "missing_branches": 1}, "missing_lines": [], "excluded_lines": [], "executed_branches": [[169, 171], [169, 175], [175, 176], [175, 181], [181, 182], [182, 184], [182, 188]], "missing_branches": [[181, -159]]}, "RiskManagementEngine": {"executed_lines": [287, 288, 291, 292, 293, 294, 295, 296, 297, 300, 301, 302, 303, 304, 307, 309, 310, 311, 312, 314, 318, 322, 326, 332, 333, 336, 337, 338, 339, 340, 343, 355, 356, 357, 358, 360, 367, 375, 394, 396, 399, 401, 407, 408, 409, 410, 411, 414, 415, 416, 417, 418, 419, 422, 423, 424, 427, 428, 429, 432, 435, 451, 454, 455, 456, 459, 464, 465, 466, 469, 470, 479, 480, 481, 494, 495, 496, 497, 499, 501, 505, 513, 514, 515, 516, 518, 520, 521, 525, 530, 531, 532, 535, 538, 539, 540, 543, 546, 547, 548, 549, 553, 575, 576, 579, 580, 581, 584, 587, 589, 595, 596, 597, 601, 604, 615, 629, 632, 633, 634, 636, 639, 640, 641, 646, 651, 652, 653, 655, 657, 658, 668, 682, 685, 686, 689, 691, 692, 693, 697, 698, 699, 702, 703, 708, 711, 713, 722, 725, 726, 728, 729, 730, 733, 735, 744, 746, 747, 748, 752, 754, 758, 766, 767, 768, 771, 777, 782, 807, 808, 809, 810, 811, 812, 815, 816, 817, 820, 823, 824, 825, 826, 827, 829, 838, 839, 840, 842, 843, 846, 851, 857, 871, 872, 875, 876, 880, 881, 884, 885, 886, 887, 888, 890, 894, 895, 898, 899, 900, 901, 902, 904, 916, 917, 918, 919, 921, 922, 923, 924, 925, 926, 928, 929, 933, 942, 944, 945, 946, 947, 948, 949, 951, 952, 953, 954, 956, 982, 985, 986, 987, 989, 992, 995, 996, 997, 999, 1000, 1001, 1002, 1004, 1007, 1018, 1021, 1022, 1024, 1046, 1047, 1049, 1052, 1053, 1054, 1055, 1057, 1058, 1061, 1062, 1063, 1065, 1073, 1078, 1082, 1083, 1086, 1087, 1091, 1092, 1095, 1103, 1106, 1107, 1110, 1111, 1112, 1113, 1116, 1117, 1120, 1121, 1122, 1142, 1143, 1146, 1147, 1149, 1150, 1151, 1155, 1159, 1160, 1161, 1162, 1164, 1178, 1179, 1188, 1189, 1190, 1192, 1193, 1195, 1202, 1203, 1204, 1206, 1207, 1208, 1217, 1218, 1219, 1221, 1222, 1226, 1228, 1229, 1230, 1231, 1232, 1234, 1235, 1237, 1238, 1239], "summary": {"covered_lines": 333, "num_statements": 380, "percent_covered": 84.67153284671532, "percent_covered_display": "85", "missing_lines": 47, "excluded_lines": 0, "num_branches": 168, "num_partial_branches": 31, "covered_branches": 131, "missing_branches": 37}, "missing_lines": [436, 437, 438, 439, 440, 444, 460, 461, 471, 472, 475, 476, 590, 605, 606, 608, 609, 610, 611, 630, 659, 660, 661, 662, 690, 694, 700, 723, 772, 773, 774, 778, 779, 780, 847, 852, 864, 998, 1066, 1067, 1071, 1074, 1088, 1093, 1123, 1124, 1125], "excluded_lines": [], "executed_branches": [[407, 408], [407, 414], [414, 415], [414, 422], [415, 416], [415, 422], [422, 423], [422, 427], [427, 428], [427, 432], [435, 451], [454, 455], [454, 459], [459, 464], [464, 465], [464, 469], [470, 479], [479, 480], [479, 494], [495, 496], [513, 514], [513, 518], [518, 520], [520, 521], [520, 525], [530, 531], [530, 538], [538, 539], [538, 546], [546, 547], [546, 553], [548, 549], [548, 553], [576, 579], [579, 576], [579, 580], [589, 595], [595, 596], [595, 604], [604, 615], [629, 632], [639, 640], [639, 651], [651, 652], [652, 653], [652, 655], [658, 668], [689, 691], [691, 692], [691, 693], [693, 697], [697, 698], [697, 699], [699, 702], [702, 703], [702, 713], [722, 725], [728, 729], [728, 735], [746, 747], [746, 754], [766, 767], [766, 771], [771, 777], [777, 782], [815, 816], [824, 825], [824, 829], [838, 839], [838, 842], [846, 851], [851, 857], [884, 885], [884, 890], [886, 887], [898, 899], [898, 904], [900, 901], [916, 917], [917, 918], [917, 921], [944, 945], [944, 946], [946, 947], [946, 948], [948, 949], [948, 951], [951, 952], [951, 953], [953, 954], [953, 956], [986, 987], [986, 989], [995, 996], [995, 997], [997, 999], [999, 1000], [999, 1001], [1001, 1002], [1001, 1004], [1046, 1047], [1046, 1049], [1052, 1053], [1052, 1061], [1054, 1055], [1061, 1062], [1065, 1073], [1073, 1078], [1082, 1083], [1082, 1086], [1087, 1091], [1092, 1095], [1106, 1107], [1106, 1110], [1110, 1111], [1110, 1116], [1116, 1117], [1116, 1120], [1122, -1097], [1146, 1147], [1146, 1164], [1149, 1150], [1149, 1160], [1160, 1161], [1160, 1164], [1188, 1189], [1188, 1192], [1217, 1218], [1217, 1221], [1228, 1229], [1228, 1234]], "missing_branches": [[435, 436], [459, 460], [470, 471], [495, 497], [518, 546], [576, 584], [589, 590], [604, 605], [608, 609], [608, 615], [610, 611], [610, 615], [629, 630], [651, 668], [658, 659], [660, 661], [660, 668], [689, 690], [693, 694], [699, 700], [722, 723], [771, 772], [777, 778], [815, 820], [846, 847], [851, 852], [886, 890], [900, 904], [916, 921], [997, 998], [1054, 1052], [1061, 1065], [1065, 1066], [1073, 1074], [1087, 1088], [1092, 1093], [1122, 1123]]}, "": {"executed_lines": [1, 19, 20, 21, 22, 23, 24, 25, 26, 27, 29, 33, 40, 41, 42, 43, 44, 45, 48, 49, 50, 55, 56, 57, 58, 59, 60, 61, 62, 65, 66, 68, 86, 87, 88, 89, 90, 91, 94, 95, 96, 99, 100, 101, 104, 106, 111, 112, 113, 115, 116, 117, 120, 121, 122, 123, 126, 127, 130, 131, 132, 133, 136, 137, 138, 139, 142, 143, 144, 147, 148, 149, 152, 153, 156, 157, 159, 193, 225, 226, 271, 272, 279, 377, 507, 555, 617, 670, 715, 737, 756, 784, 831, 862, 869, 878, 892, 906, 931, 935, 958, 1026, 1080, 1097, 1127, 1166, 1181, 1210], "summary": {"covered_lines": 102, "num_statements": 102, "percent_covered": 100.0, "percent_covered_display": "100", "missing_lines": 0, "excluded_lines": 0, "num_branches": 0, "num_partial_branches": 0, "covered_branches": 0, "missing_branches": 0}, "missing_lines": [], "excluded_lines": [], "executed_branches": [], "missing_branches": []}}}, "triplegain/src/utils/__init__.py": {"executed_lines": [1, 3, 5], "summary": {"covered_lines": 2, "num_statements": 2, "percent_covered": 100.0, "percent_covered_display": "100", "missing_lines": 0, "excluded_lines": 0, "num_branches": 0, "num_partial_branches": 0, "covered_branches": 0, "missing_branches": 0}, "missing_lines": [], "excluded_lines": [], "executed_branches": [], "missing_branches": [], "functions": {"": {"executed_lines": [1, 3, 5], "summary": {"covered_lines": 2, "num_statements": 2, "percent_covered": 100.0, "percent_covered_display": "100", "missing_lines": 0, "excluded_lines": 0, "num_branches": 0, "num_partial_branches": 0, "covered_branches": 0, "missing_branches": 0}, "missing_lines": [], "excluded_lines": [], "executed_branches": [], "missing_branches": []}}, "classes": {"": {"executed_lines": [1, 3, 5], "summary": {"covered_lines": 2, "num_statements": 2, "percent_covered": 100.0, "percent_covered_display": "100", "missing_lines": 0, "excluded_lines": 0, "num_branches": 0, "num_partial_branches": 0, "covered_branches": 0, "missing_branches": 0}, "missing_lines": [], "excluded_lines": [], "executed_branches": [], "missing_branches": []}}}, "triplegain/src/utils/config.py": {"executed_lines": [1, 11, 12, 13, 14, 15, 17, 19, 22, 23, 24, 27, 28, 36, 38, 45, 46, 48, 49, 51, 62, 63, 65, 66, 67, 69, 70, 71, 74, 76, 79, 81, 82, 84, 85, 86, 88, 89, 91, 93, 95, 96, 97, 98, 102, 104, 106, 107, 109, 111, 112, 114, 116, 117, 119, 123, 125, 127, 133, 134, 135, 136, 138, 140, 155, 156, 157, 158, 159, 161, 167, 168, 173, 175, 177, 178, 180, 188, 195, 196, 197, 199, 201, 204, 205, 206, 207, 210, 211, 212, 213, 216, 217, 218, 221, 223, 225, 228, 229, 233, 234, 235, 236, 238, 240, 242, 245, 246, 247, 248, 252, 253, 256, 258, 260, 261, 264, 265, 268, 272, 275, 298], "summary": {"covered_lines": 119, "num_statements": 144, "percent_covered": 79.59183673469387, "percent_covered_display": "80", "missing_lines": 25, "excluded_lines": 0, "num_branches": 52, "num_partial_branches": 11, "covered_branches": 37, "missing_branches": 15}, "missing_lines": [99, 100, 121, 162, 163, 164, 165, 169, 170, 171, 174, 176, 219, 230, 249, 254, 262, 266, 287, 288, 290, 291, 293, 295, 308], "excluded_lines": [], "executed_branches": [[48, -38], [48, 49], [62, 63], [62, 65], [66, 67], [66, 69], [81, 82], [81, 84], [95, 96], [95, 102], [155, 156], [155, 157], [157, 158], [157, 159], [159, 161], [159, 178], [161, 167], [168, 173], [173, 175], [175, 177], [196, 197], [205, 206], [205, 210], [206, 205], [206, 207], [212, 213], [212, 216], [218, 221], [229, 233], [235, 236], [235, 238], [247, 248], [247, 252], [248, 247], [253, 256], [261, 264], [265, 268]], "missing_branches": [[161, 162], [168, 169], [173, 174], [175, 176], [196, -180], [218, 219], [229, 230], [248, 249], [253, 254], [261, 262], [265, 266], [287, 288], [287, 295], [288, 290], [288, 293]], "functions": {"ConfigLoader.__init__": {"executed_lines": [45, 46, 48, 49], "summary": {"covered_lines": 4, "num_statements": 4, "percent_covered": 100.0, "percent_covered_display": "100", "missing_lines": 0, "excluded_lines": 0, "num_branches": 2, "num_partial_branches": 0, "covered_branches": 2, "missing_branches": 0}, "missing_lines": [], "excluded_lines": [], "executed_branches": [[48, -38], [48, 49]], "missing_branches": []}, "ConfigLoader.load": {"executed_lines": [62, 63, 65, 66, 67, 69, 70, 71, 74, 76, 79, 81, 82, 84, 85, 86, 88, 89], "summary": {"covered_lines": 18, "num_statements": 18, "percent_covered": 100.0, "percent_covered_display": "100", "missing_lines": 0, "excluded_lines": 0, "num_branches": 6, "num_partial_branches": 0, "covered_branches": 6, "missing_branches": 0}, "missing_lines": [], "excluded_lines": [], "executed_branches": [[62, 63], [62, 65], [66, 67], [66, 69], [81, 82], [81, 84]], "missing_branches": []}, "ConfigLoader.load_all": {"executed_lines": [93, 95, 96, 97, 98, 102], "summary": {"covered_lines": 6, "num_statements": 8, "percent_covered": 80.0, "percent_covered_display": "80", "missing_lines": 2, "excluded_lines": 0, "num_branches": 2, "num_partial_branches": 0, "covered_branches": 2, "missing_branches": 0}, "missing_lines": [99, 100], "excluded_lines": [], "executed_branches": [[95, 96], [95, 102]], "missing_branches": []}, "ConfigLoader.get_indicators_config": {"executed_lines": [106, 107], "summary": {"covered_lines": 2, "num_statements": 2, "percent_covered": 100.0, "percent_covered_display": "100", "missing_lines": 0, "excluded_lines": 0, "num_branches": 0, "num_partial_branches": 0, "covered_branches": 0, "missing_branches": 0}, "missing_lines": [], "excluded_lines": [], "executed_branches": [], "missing_branches": []}, "ConfigLoader.get_snapshot_config": {"executed_lines": [111, 112], "summary": {"covered_lines": 2, "num_statements": 2, "percent_covered": 100.0, "percent_covered_display": "100", "missing_lines": 0, "excluded_lines": 0, "num_branches": 0, "num_partial_branches": 0, "covered_branches": 0, "missing_branches": 0}, "missing_lines": [], "excluded_lines": [], "executed_branches": [], "missing_branches": []}, "ConfigLoader.get_database_config": {"executed_lines": [116, 117], "summary": {"covered_lines": 2, "num_statements": 2, "percent_covered": 100.0, "percent_covered_display": "100", "missing_lines": 0, "excluded_lines": 0, "num_branches": 0, "num_partial_branches": 0, "covered_branches": 0, "missing_branches": 0}, "missing_lines": [], "excluded_lines": [], "executed_branches": [], "missing_branches": []}, "ConfigLoader.get_prompts_config": {"executed_lines": [], "summary": {"covered_lines": 0, "num_statements": 1, "percent_covered": 0.0, "percent_covered_display": "0", "missing_lines": 1, "excluded_lines": 0, "num_branches": 0, "num_partial_branches": 0, "covered_branches": 0, "missing_branches": 0}, "missing_lines": [121], "excluded_lines": [], "executed_branches": [], "missing_branches": []}, "ConfigLoader.clear_cache": {"executed_lines": [125], "summary": {"covered_lines": 1, "num_statements": 1, "percent_covered": 100.0, "percent_covered_display": "100", "missing_lines": 0, "excluded_lines": 0, "num_branches": 0, "num_partial_branches": 0, "covered_branches": 0, "missing_branches": 0}, "missing_lines": [], "excluded_lines": [], "executed_branches": [], "missing_branches": []}, "ConfigLoader._substitute_env_vars": {"executed_lines": [133, 138], "summary": {"covered_lines": 2, "num_statements": 2, "percent_covered": 100.0, "percent_covered_display": "100", "missing_lines": 0, "excluded_lines": 0, "num_branches": 0, "num_partial_branches": 0, "covered_branches": 0, "missing_branches": 0}, "missing_lines": [], "excluded_lines": [], "executed_branches": [], "missing_branches": []}, "ConfigLoader._substitute_env_vars.replace_match": {"executed_lines": [134, 135, 136], "summary": {"covered_lines": 3, "num_statements": 3, "percent_covered": 100.0, "percent_covered_display": "100", "missing_lines": 0, "excluded_lines": 0, "num_branches": 0, "num_partial_branches": 0, "covered_branches": 0, "missing_branches": 0}, "missing_lines": [], "excluded_lines": [], "executed_branches": [], "missing_branches": []}, "ConfigLoader._coerce_types": {"executed_lines": [155, 156, 157, 158, 159, 161, 167, 168, 173, 175, 177, 178], "summary": {"covered_lines": 12, "num_statements": 21, "percent_covered": 62.857142857142854, "percent_covered_display": "63", "missing_lines": 9, "excluded_lines": 0, "num_branches": 14, "num_partial_branches": 4, "covered_branches": 10, "missing_branches": 4}, "missing_lines": [162, 163, 164, 165, 169, 170, 171, 174, 176], "excluded_lines": [], "executed_branches": [[155, 156], [155, 157], [157, 158], [157, 159], [159, 161], [159, 178], [161, 167], [168, 173], [173, 175], [175, 177]], "missing_branches": [[161, 162], [168, 169], [173, 174], [175, 176]]}, "ConfigLoader._validate_config": {"executed_lines": [188, 195, 196, 197], "summary": {"covered_lines": 4, "num_statements": 4, "percent_covered": 83.33333333333333, "percent_covered_display": "83", "missing_lines": 0, "excluded_lines": 0, "num_branches": 2, "num_partial_branches": 1, "covered_branches": 1, "missing_branches": 1}, "missing_lines": [], "excluded_lines": [], "executed_branches": [[196, 197]], "missing_branches": [[196, -180]]}, "ConfigLoader._validate_indicators_config": {"executed_lines": [201, 204, 205, 206, 207, 210, 211, 212, 213, 216, 217, 218, 221], "summary": {"covered_lines": 13, "num_statements": 14, "percent_covered": 90.9090909090909, "percent_covered_display": "91", "missing_lines": 1, "excluded_lines": 0, "num_branches": 8, "num_partial_branches": 1, "covered_branches": 7, "missing_branches": 1}, "missing_lines": [219], "excluded_lines": [], "executed_branches": [[205, 206], [205, 210], [206, 205], [206, 207], [212, 213], [212, 216], [218, 221]], "missing_branches": [[218, 219]]}, "ConfigLoader._validate_snapshot_config": {"executed_lines": [225, 228, 229, 233, 234, 235, 236, 238], "summary": {"covered_lines": 8, "num_statements": 9, "percent_covered": 84.61538461538461, "percent_covered_display": "85", "missing_lines": 1, "excluded_lines": 0, "num_branches": 4, "num_partial_branches": 1, "covered_branches": 3, "missing_branches": 1}, "missing_lines": [230], "excluded_lines": [], "executed_branches": [[229, 233], [235, 236], [235, 238]], "missing_branches": [[229, 230]]}, "ConfigLoader._validate_database_config": {"executed_lines": [242, 245, 246, 247, 248, 252, 253, 256], "summary": {"covered_lines": 8, "num_statements": 10, "percent_covered": 75.0, "percent_covered_display": "75", "missing_lines": 2, "excluded_lines": 0, "num_branches": 6, "num_partial_branches": 2, "covered_branches": 4, "missing_branches": 2}, "missing_lines": [249, 254], "excluded_lines": [], "executed_branches": [[247, 248], [247, 252], [248, 247], [253, 256]], "missing_branches": [[248, 249], [253, 254]]}, "ConfigLoader._validate_prompts_config": {"executed_lines": [260, 261, 264, 265, 268], "summary": {"covered_lines": 5, "num_statements": 7, "percent_covered": 63.63636363636363, "percent_covered_display": "64", "missing_lines": 2, "excluded_lines": 0, "num_branches": 4, "num_partial_branches": 2, "covered_branches": 2, "missing_branches": 2}, "missing_lines": [262, 266], "excluded_lines": [], "executed_branches": [[261, 264], [265, 268]], "missing_branches": [[261, 262], [265, 266]]}, "get_config_loader": {"executed_lines": [], "summary": {"covered_lines": 0, "num_statements": 6, "percent_covered": 0.0, "percent_covered_display": "0", "missing_lines": 6, "excluded_lines": 0, "num_branches": 4, "num_partial_branches": 0, "covered_branches": 0, "missing_branches": 4}, "missing_lines": [287, 288, 290, 291, 293, 295], "excluded_lines": [], "executed_branches": [], "missing_branches": [[287, 288], [287, 295], [288, 290], [288, 293]]}, "load_config": {"executed_lines": [], "summary": {"covered_lines": 0, "num_statements": 1, "percent_covered": 0.0, "percent_covered_display": "0", "missing_lines": 1, "excluded_lines": 0, "num_branches": 0, "num_partial_branches": 0, "covered_branches": 0, "missing_branches": 0}, "missing_lines": [308], "excluded_lines": [], "executed_branches": [], "missing_branches": []}, "": {"executed_lines": [1, 11, 12, 13, 14, 15, 17, 19, 22, 23, 24, 27, 28, 36, 38, 51, 91, 104, 109, 114, 119, 123, 127, 140, 180, 199, 223, 240, 258, 272, 275, 298], "summary": {"covered_lines": 29, "num_statements": 29, "percent_covered": 100.0, "percent_covered_display": "100", "missing_lines": 0, "excluded_lines": 0, "num_branches": 0, "num_partial_branches": 0, "covered_branches": 0, "missing_branches": 0}, "missing_lines": [], "excluded_lines": [], "executed_branches": [], "missing_branches": []}}, "classes": {"ConfigError": {"executed_lines": [], "summary": {"covered_lines": 0, "num_statements": 0, "percent_covered": 100.0, "percent_covered_display": "100", "missing_lines": 0, "excluded_lines": 0, "num_branches": 0, "num_partial_branches": 0, "covered_branches": 0, "missing_branches": 0}, "missing_lines": [], "excluded_lines": [], "executed_branches": [], "missing_branches": []}, "ConfigLoader": {"executed_lines": [45, 46, 48, 49, 62, 63, 65, 66, 67, 69, 70, 71, 74, 76, 79, 81, 82, 84, 85, 86, 88, 89, 93, 95, 96, 97, 98, 102, 106, 107, 111, 112, 116, 117, 125, 133, 134, 135, 136, 138, 155, 156, 157, 158, 159, 161, 167, 168, 173, 175, 177, 178, 188, 195, 196, 197, 201, 204, 205, 206, 207, 210, 211, 212, 213, 216, 217, 218, 221, 225, 228, 229, 233, 234, 235, 236, 238, 242, 245, 246, 247, 248, 252, 253, 256, 260, 261, 264, 265, 268], "summary": {"covered_lines": 90, "num_statements": 108, "percent_covered": 81.41025641025641, "percent_covered_display": "81", "missing_lines": 18, "excluded_lines": 0, "num_branches": 48, "num_partial_branches": 11, "covered_branches": 37, "missing_branches": 11}, "missing_lines": [99, 100, 121, 162, 163, 164, 165, 169, 170, 171, 174, 176, 219, 230, 249, 254, 262, 266], "excluded_lines": [], "executed_branches": [[48, -38], [48, 49], [62, 63], [62, 65], [66, 67], [66, 69], [81, 82], [81, 84], [95, 96], [95, 102], [155, 156], [155, 157], [157, 158], [157, 159], [159, 161], [159, 178], [161, 167], [168, 173], [173, 175], [175, 177], [196, 197], [205, 206], [205, 210], [206, 205], [206, 207], [212, 213], [212, 216], [218, 221], [229, 233], [235, 236], [235, 238], [247, 248], [247, 252], [248, 247], [253, 256], [261, 264], [265, 268]], "missing_branches": [[161, 162], [168, 169], [173, 174], [175, 176], [196, -180], [218, 219], [229, 230], [248, 249], [253, 254], [261, 262], [265, 266]]}, "": {"executed_lines": [1, 11, 12, 13, 14, 15, 17, 19, 22, 23, 24, 27, 28, 36, 38, 51, 91, 104, 109, 114, 119, 123, 127, 140, 180, 199, 223, 240, 258, 272, 275, 298], "summary": {"covered_lines": 29, "num_statements": 36, "percent_covered": 72.5, "percent_covered_display": "72", "missing_lines": 7, "excluded_lines": 0, "num_branches": 4, "num_partial_branches": 0, "covered_branches": 0, "missing_branches": 4}, "missing_lines": [287, 288, 290, 291, 293, 295, 308], "excluded_lines": [], "executed_branches": [], "missing_branches": [[287, 288], [287, 295], [288, 290], [288, 293]]}}}}, "totals": {"covered_lines": 4436, "num_statements": 5299, "percent_covered": 80.71814333673916, "percent_covered_display": "81", "missing_lines": 863, "excluded_lines": 3, "num_branches": 1552, "num_partial_branches": 270, "covered_branches": 1094, "missing_branches": 458}}